{"/Users/azzura/development/cafe-backend/middleware/auth.js": {"path":"/Users/azzura/development/cafe-backend/middleware/auth.js","statementMap":{"0":{"start":{"line":1,"column":12},"end":{"line":1,"column":35}},"1":{"start":{"line":2,"column":11},"end":{"line":2,"column":40}},"2":{"start":{"line":5,"column":21},"end":{"line":33,"column":1}},"3":{"start":{"line":6,"column":2},"end":{"line":32,"column":3}},"4":{"start":{"line":7,"column":18},"end":{"line":7,"column":67}},"5":{"start":{"line":9,"column":4},"end":{"line":11,"column":5}},"6":{"start":{"line":10,"column":6},"end":{"line":10,"column":72}},"7":{"start":{"line":13,"column":20},"end":{"line":13,"column":61}},"8":{"start":{"line":16,"column":20},"end":{"line":19,"column":5}},"9":{"start":{"line":21,"column":4},"end":{"line":23,"column":5}},"10":{"start":{"line":22,"column":6},"end":{"line":22,"column":79}},"11":{"start":{"line":25,"column":4},"end":{"line":25,"column":24}},"12":{"start":{"line":26,"column":4},"end":{"line":26,"column":11}},"13":{"start":{"line":28,"column":4},"end":{"line":30,"column":5}},"14":{"start":{"line":29,"column":6},"end":{"line":29,"column":62}},"15":{"start":{"line":31,"column":4},"end":{"line":31,"column":60}},"16":{"start":{"line":36,"column":18},"end":{"line":51,"column":1}},"17":{"start":{"line":37,"column":2},"end":{"line":50,"column":4}},"18":{"start":{"line":38,"column":4},"end":{"line":40,"column":5}},"19":{"start":{"line":39,"column":6},"end":{"line":39,"column":72}},"20":{"start":{"line":42,"column":4},"end":{"line":47,"column":5}},"21":{"start":{"line":43,"column":6},"end":{"line":46,"column":9}},"22":{"start":{"line":49,"column":4},"end":{"line":49,"column":11}},"23":{"start":{"line":54,"column":12},"end":{"line":102,"column":1}},"24":{"start":{"line":55,"column":22},"end":{"line":83,"column":3}},"25":{"start":{"line":85,"column":2},"end":{"line":101,"column":4}},"26":{"start":{"line":86,"column":21},"end":{"line":86,"column":47}},"27":{"start":{"line":87,"column":28},"end":{"line":87,"column":49}},"28":{"start":{"line":89,"column":4},"end":{"line":91,"column":5}},"29":{"start":{"line":90,"column":6},"end":{"line":90,"column":62}},"30":{"start":{"line":93,"column":4},"end":{"line":98,"column":5}},"31":{"start":{"line":94,"column":6},"end":{"line":97,"column":9}},"32":{"start":{"line":100,"column":4},"end":{"line":100,"column":11}},"33":{"start":{"line":105,"column":21},"end":{"line":125,"column":1}},"34":{"start":{"line":106,"column":2},"end":{"line":124,"column":3}},"35":{"start":{"line":107,"column":18},"end":{"line":107,"column":67}},"36":{"start":{"line":109,"column":4},"end":{"line":119,"column":5}},"37":{"start":{"line":110,"column":22},"end":{"line":110,"column":63}},"38":{"start":{"line":111,"column":22},"end":{"line":114,"column":7}},"39":{"start":{"line":116,"column":6},"end":{"line":118,"column":7}},"40":{"start":{"line":117,"column":8},"end":{"line":117,"column":28}},"41":{"start":{"line":120,"column":4},"end":{"line":120,"column":11}},"42":{"start":{"line":123,"column":4},"end":{"line":123,"column":11}},"43":{"start":{"line":127,"column":0},"end":{"line":132,"column":2}}},"fnMap":{"0":{"name":"(anonymous_0)","decl":{"start":{"line":5,"column":21},"end":{"line":5,"column":22}},"loc":{"start":{"line":5,"column":47},"end":{"line":33,"column":1}},"line":5},"1":{"name":"(anonymous_1)","decl":{"start":{"line":36,"column":18},"end":{"line":36,"column":19}},"loc":{"start":{"line":36,"column":32},"end":{"line":51,"column":1}},"line":36},"2":{"name":"(anonymous_2)","decl":{"start":{"line":37,"column":9},"end":{"line":37,"column":10}},"loc":{"start":{"line":37,"column":29},"end":{"line":50,"column":3}},"line":37},"3":{"name":"(anonymous_3)","decl":{"start":{"line":54,"column":12},"end":{"line":54,"column":13}},"loc":{"start":{"line":54,"column":34},"end":{"line":102,"column":1}},"line":54},"4":{"name":"(anonymous_4)","decl":{"start":{"line":85,"column":9},"end":{"line":85,"column":10}},"loc":{"start":{"line":85,"column":29},"end":{"line":101,"column":3}},"line":85},"5":{"name":"(anonymous_5)","decl":{"start":{"line":105,"column":21},"end":{"line":105,"column":22}},"loc":{"start":{"line":105,"column":47},"end":{"line":125,"column":1}},"line":105}},"branchMap":{"0":{"loc":{"start":{"line":9,"column":4},"end":{"line":11,"column":5}},"type":"if","locations":[{"start":{"line":9,"column":4},"end":{"line":11,"column":5}},{"start":{},"end":{}}],"line":9},"1":{"loc":{"start":{"line":21,"column":4},"end":{"line":23,"column":5}},"type":"if","locations":[{"start":{"line":21,"column":4},"end":{"line":23,"column":5}},{"start":{},"end":{}}],"line":21},"2":{"loc":{"start":{"line":28,"column":4},"end":{"line":30,"column":5}},"type":"if","locations":[{"start":{"line":28,"column":4},"end":{"line":30,"column":5}},{"start":{},"end":{}}],"line":28},"3":{"loc":{"start":{"line":38,"column":4},"end":{"line":40,"column":5}},"type":"if","locations":[{"start":{"line":38,"column":4},"end":{"line":40,"column":5}},{"start":{},"end":{}}],"line":38},"4":{"loc":{"start":{"line":42,"column":4},"end":{"line":47,"column":5}},"type":"if","locations":[{"start":{"line":42,"column":4},"end":{"line":47,"column":5}},{"start":{},"end":{}}],"line":42},"5":{"loc":{"start":{"line":86,"column":21},"end":{"line":86,"column":47}},"type":"binary-expr","locations":[{"start":{"line":86,"column":21},"end":{"line":86,"column":35}},{"start":{"line":86,"column":39},"end":{"line":86,"column":47}}],"line":86},"6":{"loc":{"start":{"line":89,"column":4},"end":{"line":91,"column":5}},"type":"if","locations":[{"start":{"line":89,"column":4},"end":{"line":91,"column":5}},{"start":{},"end":{}}],"line":89},"7":{"loc":{"start":{"line":89,"column":8},"end":{"line":89,"column":54}},"type":"binary-expr","locations":[{"start":{"line":89,"column":8},"end":{"line":89,"column":24}},{"start":{"line":89,"column":28},"end":{"line":89,"column":54}}],"line":89},"8":{"loc":{"start":{"line":93,"column":4},"end":{"line":98,"column":5}},"type":"if","locations":[{"start":{"line":93,"column":4},"end":{"line":98,"column":5}},{"start":{},"end":{}}],"line":93},"9":{"loc":{"start":{"line":109,"column":4},"end":{"line":119,"column":5}},"type":"if","locations":[{"start":{"line":109,"column":4},"end":{"line":119,"column":5}},{"start":{},"end":{}}],"line":109},"10":{"loc":{"start":{"line":116,"column":6},"end":{"line":118,"column":7}},"type":"if","locations":[{"start":{"line":116,"column":6},"end":{"line":118,"column":7}},{"start":{},"end":{}}],"line":116}},"s":{"0":6,"1":6,"2":6,"3":42,"4":42,"5":42,"6":9,"7":33,"8":30,"9":30,"10":0,"11":30,"12":30,"13":3,"14":0,"15":3,"16":6,"17":120,"18":18,"19":0,"20":18,"21":4,"22":14,"23":6,"24":24,"25":24,"26":6,"27":6,"28":6,"29":0,"30":6,"31":1,"32":5,"33":6,"34":11,"35":11,"36":11,"37":1,"38":1,"39":1,"40":1,"41":11,"42":0,"43":6},"f":{"0":42,"1":120,"2":18,"3":24,"4":6,"5":11},"b":{"0":[9,33],"1":[0,30],"2":[0,3],"3":[0,18],"4":[4,14],"5":[6,0],"6":[0,6],"7":[6,6],"8":[1,5],"9":[1,10],"10":[1,0]},"_coverageSchema":"1a1c01bbd47fc00a2c39e90264f33305004495a9","hash":"332bb5d923c7516f33a300a749637933da89027f"}
,"/Users/azzura/development/cafe-backend/middleware/security.js": {"path":"/Users/azzura/development/cafe-backend/middleware/security.js","statementMap":{"0":{"start":{"line":1,"column":15},"end":{"line":1,"column":32}},"1":{"start":{"line":2,"column":18},"end":{"line":2,"column":47}},"2":{"start":{"line":3,"column":15},"end":{"line":3,"column":32}},"3":{"start":{"line":6,"column":24},"end":{"line":20,"column":2}},"4":{"start":{"line":23,"column":16},"end":{"line":29,"column":2}},"5":{"start":{"line":32,"column":20},"end":{"line":37,"column":2}},"6":{"start":{"line":40,"column":19},"end":{"line":40,"column":28}},"7":{"start":{"line":42,"column":26},"end":{"line":44,"column":1}},"8":{"start":{"line":43,"column":2},"end":{"line":43,"column":48}},"9":{"start":{"line":46,"column":23},"end":{"line":66,"column":1}},"10":{"start":{"line":48,"column":2},"end":{"line":50,"column":3}},"11":{"start":{"line":49,"column":4},"end":{"line":49,"column":18}},"12":{"start":{"line":52,"column":16},"end":{"line":52,"column":61}},"13":{"start":{"line":53,"column":20},"end":{"line":53,"column":66}},"14":{"start":{"line":55,"column":2},"end":{"line":57,"column":3}},"15":{"start":{"line":56,"column":4},"end":{"line":56,"column":65}},"16":{"start":{"line":59,"column":21},"end":{"line":59,"column":46}},"17":{"start":{"line":61,"column":2},"end":{"line":63,"column":3}},"18":{"start":{"line":62,"column":4},"end":{"line":62,"column":65}},"19":{"start":{"line":65,"column":2},"end":{"line":65,"column":9}},"20":{"start":{"line":68,"column":25},"end":{"line":82,"column":1}},"21":{"start":{"line":69,"column":20},"end":{"line":69,"column":89}},"22":{"start":{"line":70,"column":16},"end":{"line":70,"column":35}},"23":{"start":{"line":72,"column":2},"end":{"line":72,"column":35}},"24":{"start":{"line":75,"column":2},"end":{"line":77,"column":21}},"25":{"start":{"line":76,"column":4},"end":{"line":76,"column":33}},"26":{"start":{"line":79,"column":2},"end":{"line":79,"column":31}},"27":{"start":{"line":80,"column":2},"end":{"line":80,"column":39}},"28":{"start":{"line":81,"column":2},"end":{"line":81,"column":9}},"29":{"start":{"line":85,"column":22},"end":{"line":104,"column":1}},"30":{"start":{"line":86,"column":19},"end":{"line":97,"column":3}},"31":{"start":{"line":87,"column":4},"end":{"line":96,"column":5}},"32":{"start":{"line":88,"column":6},"end":{"line":95,"column":7}},"33":{"start":{"line":90,"column":8},"end":{"line":92,"column":18}},"34":{"start":{"line":93,"column":13},"end":{"line":95,"column":7}},"35":{"start":{"line":94,"column":8},"end":{"line":94,"column":27}},"36":{"start":{"line":99,"column":2},"end":{"line":99,"column":35}},"37":{"start":{"line":99,"column":16},"end":{"line":99,"column":35}},"38":{"start":{"line":100,"column":2},"end":{"line":100,"column":37}},"39":{"start":{"line":100,"column":17},"end":{"line":100,"column":37}},"40":{"start":{"line":101,"column":2},"end":{"line":101,"column":39}},"41":{"start":{"line":101,"column":18},"end":{"line":101,"column":39}},"42":{"start":{"line":103,"column":2},"end":{"line":103,"column":9}},"43":{"start":{"line":107,"column":28},"end":{"line":138,"column":1}},"44":{"start":{"line":108,"column":22},"end":{"line":111,"column":3}},"45":{"start":{"line":113,"column":21},"end":{"line":122,"column":3}},"46":{"start":{"line":114,"column":4},"end":{"line":120,"column":5}},"47":{"start":{"line":115,"column":6},"end":{"line":119,"column":7}},"48":{"start":{"line":116,"column":8},"end":{"line":118,"column":9}},"49":{"start":{"line":117,"column":10},"end":{"line":117,"column":22}},"50":{"start":{"line":121,"column":4},"end":{"line":121,"column":17}},"51":{"start":{"line":124,"column":22},"end":{"line":131,"column":3}},"52":{"start":{"line":125,"column":4},"end":{"line":129,"column":5}},"53":{"start":{"line":126,"column":6},"end":{"line":128,"column":7}},"54":{"start":{"line":127,"column":8},"end":{"line":127,"column":20}},"55":{"start":{"line":130,"column":4},"end":{"line":130,"column":17}},"56":{"start":{"line":133,"column":2},"end":{"line":135,"column":3}},"57":{"start":{"line":134,"column":4},"end":{"line":134,"column":69}},"58":{"start":{"line":137,"column":2},"end":{"line":137,"column":9}},"59":{"start":{"line":140,"column":0},"end":{"line":148,"column":2}}},"fnMap":{"0":{"name":"(anonymous_0)","decl":{"start":{"line":42,"column":26},"end":{"line":42,"column":27}},"loc":{"start":{"line":42,"column":32},"end":{"line":44,"column":1}},"line":42},"1":{"name":"(anonymous_1)","decl":{"start":{"line":46,"column":23},"end":{"line":46,"column":24}},"loc":{"start":{"line":46,"column":43},"end":{"line":66,"column":1}},"line":46},"2":{"name":"(anonymous_2)","decl":{"start":{"line":68,"column":25},"end":{"line":68,"column":26}},"loc":{"start":{"line":68,"column":45},"end":{"line":82,"column":1}},"line":68},"3":{"name":"(anonymous_3)","decl":{"start":{"line":75,"column":13},"end":{"line":75,"column":14}},"loc":{"start":{"line":75,"column":19},"end":{"line":77,"column":3}},"line":75},"4":{"name":"(anonymous_4)","decl":{"start":{"line":85,"column":22},"end":{"line":85,"column":23}},"loc":{"start":{"line":85,"column":42},"end":{"line":104,"column":1}},"line":85},"5":{"name":"(anonymous_5)","decl":{"start":{"line":86,"column":19},"end":{"line":86,"column":20}},"loc":{"start":{"line":86,"column":28},"end":{"line":97,"column":3}},"line":86},"6":{"name":"(anonymous_6)","decl":{"start":{"line":107,"column":28},"end":{"line":107,"column":29}},"loc":{"start":{"line":107,"column":48},"end":{"line":138,"column":1}},"line":107},"7":{"name":"(anonymous_7)","decl":{"start":{"line":113,"column":21},"end":{"line":113,"column":22}},"loc":{"start":{"line":113,"column":32},"end":{"line":122,"column":3}},"line":113},"8":{"name":"(anonymous_8)","decl":{"start":{"line":124,"column":22},"end":{"line":124,"column":23}},"loc":{"start":{"line":124,"column":31},"end":{"line":131,"column":3}},"line":124}},"branchMap":{"0":{"loc":{"start":{"line":48,"column":2},"end":{"line":50,"column":3}},"type":"if","locations":[{"start":{"line":48,"column":2},"end":{"line":50,"column":3}},{"start":{},"end":{}}],"line":48},"1":{"loc":{"start":{"line":52,"column":16},"end":{"line":52,"column":61}},"type":"binary-expr","locations":[{"start":{"line":52,"column":16},"end":{"line":52,"column":43}},{"start":{"line":52,"column":47},"end":{"line":52,"column":61}}],"line":52},"2":{"loc":{"start":{"line":53,"column":20},"end":{"line":53,"column":66}},"type":"binary-expr","locations":[{"start":{"line":53,"column":20},"end":{"line":53,"column":35}},{"start":{"line":53,"column":39},"end":{"line":53,"column":66}}],"line":53},"3":{"loc":{"start":{"line":55,"column":2},"end":{"line":57,"column":3}},"type":"if","locations":[{"start":{"line":55,"column":2},"end":{"line":57,"column":3}},{"start":{},"end":{}}],"line":55},"4":{"loc":{"start":{"line":55,"column":6},"end":{"line":55,"column":26}},"type":"binary-expr","locations":[{"start":{"line":55,"column":6},"end":{"line":55,"column":16}},{"start":{"line":55,"column":20},"end":{"line":55,"column":26}}],"line":55},"5":{"loc":{"start":{"line":61,"column":2},"end":{"line":63,"column":3}},"type":"if","locations":[{"start":{"line":61,"column":2},"end":{"line":63,"column":3}},{"start":{},"end":{}}],"line":61},"6":{"loc":{"start":{"line":61,"column":6},"end":{"line":61,"column":41}},"type":"binary-expr","locations":[{"start":{"line":61,"column":6},"end":{"line":61,"column":17}},{"start":{"line":61,"column":21},"end":{"line":61,"column":41}}],"line":61},"7":{"loc":{"start":{"line":69,"column":20},"end":{"line":69,"column":89}},"type":"binary-expr","locations":[{"start":{"line":69,"column":20},"end":{"line":69,"column":35}},{"start":{"line":69,"column":39},"end":{"line":69,"column":66}},{"start":{"line":69,"column":70},"end":{"line":69,"column":89}}],"line":69},"8":{"loc":{"start":{"line":88,"column":6},"end":{"line":95,"column":7}},"type":"if","locations":[{"start":{"line":88,"column":6},"end":{"line":95,"column":7}},{"start":{"line":93,"column":13},"end":{"line":95,"column":7}}],"line":88},"9":{"loc":{"start":{"line":93,"column":13},"end":{"line":95,"column":7}},"type":"if","locations":[{"start":{"line":93,"column":13},"end":{"line":95,"column":7}},{"start":{},"end":{}}],"line":93},"10":{"loc":{"start":{"line":93,"column":17},"end":{"line":93,"column":66}},"type":"binary-expr","locations":[{"start":{"line":93,"column":17},"end":{"line":93,"column":45}},{"start":{"line":93,"column":49},"end":{"line":93,"column":66}}],"line":93},"11":{"loc":{"start":{"line":99,"column":2},"end":{"line":99,"column":35}},"type":"if","locations":[{"start":{"line":99,"column":2},"end":{"line":99,"column":35}},{"start":{},"end":{}}],"line":99},"12":{"loc":{"start":{"line":100,"column":2},"end":{"line":100,"column":37}},"type":"if","locations":[{"start":{"line":100,"column":2},"end":{"line":100,"column":37}},{"start":{},"end":{}}],"line":100},"13":{"loc":{"start":{"line":101,"column":2},"end":{"line":101,"column":39}},"type":"if","locations":[{"start":{"line":101,"column":2},"end":{"line":101,"column":39}},{"start":{},"end":{}}],"line":101},"14":{"loc":{"start":{"line":114,"column":4},"end":{"line":120,"column":5}},"type":"if","locations":[{"start":{"line":114,"column":4},"end":{"line":120,"column":5}},{"start":{},"end":{}}],"line":114},"15":{"loc":{"start":{"line":116,"column":8},"end":{"line":118,"column":9}},"type":"if","locations":[{"start":{"line":116,"column":8},"end":{"line":118,"column":9}},{"start":{},"end":{}}],"line":116},"16":{"loc":{"start":{"line":126,"column":6},"end":{"line":128,"column":7}},"type":"if","locations":[{"start":{"line":126,"column":6},"end":{"line":128,"column":7}},{"start":{},"end":{}}],"line":126},"17":{"loc":{"start":{"line":126,"column":10},"end":{"line":126,"column":89}},"type":"binary-expr","locations":[{"start":{"line":126,"column":10},"end":{"line":126,"column":30}},{"start":{"line":126,"column":35},"end":{"line":126,"column":63}},{"start":{"line":126,"column":67},"end":{"line":126,"column":88}}],"line":126},"18":{"loc":{"start":{"line":133,"column":2},"end":{"line":135,"column":3}},"type":"if","locations":[{"start":{"line":133,"column":2},"end":{"line":135,"column":3}},{"start":{},"end":{}}],"line":133},"19":{"loc":{"start":{"line":133,"column":6},"end":{"line":133,"column":80}},"type":"binary-expr","locations":[{"start":{"line":133,"column":6},"end":{"line":133,"column":27}},{"start":{"line":133,"column":31},"end":{"line":133,"column":53}},{"start":{"line":133,"column":57},"end":{"line":133,"column":80}}],"line":133}},"s":{"0":6,"1":6,"2":6,"3":6,"4":6,"5":6,"6":6,"7":6,"8":93,"9":6,"10":0,"11":0,"12":0,"13":0,"14":0,"15":0,"16":0,"17":0,"18":0,"19":0,"20":6,"21":93,"22":93,"23":93,"24":93,"25":0,"26":93,"27":93,"28":93,"29":6,"30":130,"31":377,"32":291,"33":229,"34":62,"35":24,"36":130,"37":93,"38":130,"39":130,"40":130,"41":130,"42":130,"43":6,"44":0,"45":0,"46":0,"47":0,"48":0,"49":0,"50":0,"51":0,"52":0,"53":0,"54":0,"55":0,"56":0,"57":0,"58":0,"59":6},"f":{"0":93,"1":0,"2":93,"3":0,"4":130,"5":377,"6":0,"7":0,"8":0},"b":{"0":[0,0],"1":[0,0],"2":[0,0],"3":[0,0],"4":[0,0],"5":[0,0],"6":[0,0],"7":[93,0,0],"8":[229,62],"9":[24,38],"10":[62,24],"11":[93,37],"12":[130,0],"13":[130,0],"14":[0,0],"15":[0,0],"16":[0,0],"17":[0,0,0],"18":[0,0],"19":[0,0,0]},"_coverageSchema":"1a1c01bbd47fc00a2c39e90264f33305004495a9","hash":"8bf442bd941b6b9553785e23575d94e2b9e96a36"}
,"/Users/azzura/development/cafe-backend/routes/auth.js": {"path":"/Users/azzura/development/cafe-backend/routes/auth.js","statementMap":{"0":{"start":{"line":1,"column":16},"end":{"line":1,"column":34}},"1":{"start":{"line":2,"column":15},"end":{"line":2,"column":31}},"2":{"start":{"line":3,"column":15},"end":{"line":3,"column":34}},"3":{"start":{"line":4,"column":12},"end":{"line":4,"column":35}},"4":{"start":{"line":5,"column":35},"end":{"line":5,"column":63}},"5":{"start":{"line":6,"column":11},"end":{"line":6,"column":40}},"6":{"start":{"line":7,"column":39},"end":{"line":7,"column":72}},"7":{"start":{"line":8,"column":25},"end":{"line":8,"column":54}},"8":{"start":{"line":11,"column":22},"end":{"line":17,"column":1}},"9":{"start":{"line":12,"column":2},"end":{"line":16,"column":4}},"10":{"start":{"line":20,"column":0},"end":{"line":78,"column":2}},"11":{"start":{"line":30,"column":4},"end":{"line":76,"column":5}},"12":{"start":{"line":31,"column":21},"end":{"line":31,"column":42}},"13":{"start":{"line":32,"column":6},"end":{"line":34,"column":7}},"14":{"start":{"line":33,"column":8},"end":{"line":33,"column":64}},"15":{"start":{"line":37,"column":6},"end":{"line":39,"column":7}},"16":{"start":{"line":38,"column":8},"end":{"line":38,"column":79}},"17":{"start":{"line":41,"column":53},"end":{"line":41,"column":61}},"18":{"start":{"line":44,"column":25},"end":{"line":44,"column":88}},"19":{"start":{"line":45,"column":6},"end":{"line":47,"column":7}},"20":{"start":{"line":46,"column":8},"end":{"line":46,"column":75}},"21":{"start":{"line":50,"column":29},"end":{"line":50,"column":60}},"22":{"start":{"line":53,"column":23},"end":{"line":56,"column":7}},"23":{"start":{"line":59,"column":6},"end":{"line":62,"column":8}},"24":{"start":{"line":64,"column":6},"end":{"line":72,"column":9}},"25":{"start":{"line":74,"column":6},"end":{"line":74,"column":46}},"26":{"start":{"line":75,"column":6},"end":{"line":75,"column":54}},"27":{"start":{"line":81,"column":0},"end":{"line":145,"column":2}},"28":{"start":{"line":89,"column":4},"end":{"line":143,"column":5}},"29":{"start":{"line":90,"column":21},"end":{"line":90,"column":42}},"30":{"start":{"line":91,"column":6},"end":{"line":93,"column":7}},"31":{"start":{"line":92,"column":8},"end":{"line":92,"column":64}},"32":{"start":{"line":95,"column":34},"end":{"line":95,"column":42}},"33":{"start":{"line":98,"column":22},"end":{"line":101,"column":7}},"34":{"start":{"line":103,"column":6},"end":{"line":105,"column":7}},"35":{"start":{"line":104,"column":8},"end":{"line":104,"column":70}},"36":{"start":{"line":107,"column":19},"end":{"line":107,"column":27}},"37":{"start":{"line":110,"column":6},"end":{"line":112,"column":7}},"38":{"start":{"line":111,"column":8},"end":{"line":111,"column":70}},"39":{"start":{"line":115,"column":30},"end":{"line":115,"column":75}},"40":{"start":{"line":116,"column":6},"end":{"line":118,"column":7}},"41":{"start":{"line":117,"column":8},"end":{"line":117,"column":70}},"42":{"start":{"line":121,"column":20},"end":{"line":121,"column":39}},"43":{"start":{"line":124,"column":6},"end":{"line":127,"column":8}},"44":{"start":{"line":129,"column":6},"end":{"line":139,"column":9}},"45":{"start":{"line":141,"column":6},"end":{"line":141,"column":43}},"46":{"start":{"line":142,"column":6},"end":{"line":142,"column":54}},"47":{"start":{"line":148,"column":0},"end":{"line":150,"column":3}},"48":{"start":{"line":149,"column":2},"end":{"line":149,"column":31}},"49":{"start":{"line":153,"column":0},"end":{"line":202,"column":2}},"50":{"start":{"line":161,"column":4},"end":{"line":200,"column":5}},"51":{"start":{"line":162,"column":21},"end":{"line":162,"column":42}},"52":{"start":{"line":163,"column":6},"end":{"line":165,"column":7}},"53":{"start":{"line":164,"column":8},"end":{"line":164,"column":64}},"54":{"start":{"line":167,"column":47},"end":{"line":167,"column":55}},"55":{"start":{"line":170,"column":22},"end":{"line":173,"column":7}},"56":{"start":{"line":176,"column":22},"end":{"line":176,"column":78}},"57":{"start":{"line":177,"column":6},"end":{"line":179,"column":7}},"58":{"start":{"line":178,"column":8},"end":{"line":178,"column":80}},"59":{"start":{"line":182,"column":29},"end":{"line":182,"column":63}},"60":{"start":{"line":185,"column":6},"end":{"line":188,"column":8}},"61":{"start":{"line":191,"column":6},"end":{"line":194,"column":8}},"62":{"start":{"line":196,"column":6},"end":{"line":196,"column":61}},"63":{"start":{"line":198,"column":6},"end":{"line":198,"column":53}},"64":{"start":{"line":199,"column":6},"end":{"line":199,"column":54}},"65":{"start":{"line":205,"column":0},"end":{"line":218,"column":3}},"66":{"start":{"line":206,"column":2},"end":{"line":217,"column":3}},"67":{"start":{"line":208,"column":4},"end":{"line":211,"column":6}},"68":{"start":{"line":213,"column":4},"end":{"line":213,"column":47}},"69":{"start":{"line":215,"column":4},"end":{"line":215,"column":42}},"70":{"start":{"line":216,"column":4},"end":{"line":216,"column":52}},"71":{"start":{"line":220,"column":0},"end":{"line":220,"column":24}}},"fnMap":{"0":{"name":"(anonymous_0)","decl":{"start":{"line":11,"column":22},"end":{"line":11,"column":23}},"loc":{"start":{"line":11,"column":32},"end":{"line":17,"column":1}},"line":11},"1":{"name":"(anonymous_1)","decl":{"start":{"line":29,"column":2},"end":{"line":29,"column":3}},"loc":{"start":{"line":29,"column":22},"end":{"line":77,"column":3}},"line":29},"2":{"name":"(anonymous_2)","decl":{"start":{"line":88,"column":2},"end":{"line":88,"column":3}},"loc":{"start":{"line":88,"column":22},"end":{"line":144,"column":3}},"line":88},"3":{"name":"(anonymous_3)","decl":{"start":{"line":148,"column":32},"end":{"line":148,"column":33}},"loc":{"start":{"line":148,"column":52},"end":{"line":150,"column":1}},"line":148},"4":{"name":"(anonymous_4)","decl":{"start":{"line":160,"column":2},"end":{"line":160,"column":3}},"loc":{"start":{"line":160,"column":22},"end":{"line":201,"column":3}},"line":160},"5":{"name":"(anonymous_5)","decl":{"start":{"line":205,"column":37},"end":{"line":205,"column":38}},"loc":{"start":{"line":205,"column":57},"end":{"line":218,"column":1}},"line":205}},"branchMap":{"0":{"loc":{"start":{"line":15,"column":17},"end":{"line":15,"column":47}},"type":"binary-expr","locations":[{"start":{"line":15,"column":17},"end":{"line":15,"column":39}},{"start":{"line":15,"column":43},"end":{"line":15,"column":47}}],"line":15},"1":{"loc":{"start":{"line":32,"column":6},"end":{"line":34,"column":7}},"type":"if","locations":[{"start":{"line":32,"column":6},"end":{"line":34,"column":7}},{"start":{},"end":{}}],"line":32},"2":{"loc":{"start":{"line":37,"column":6},"end":{"line":39,"column":7}},"type":"if","locations":[{"start":{"line":37,"column":6},"end":{"line":39,"column":7}},{"start":{},"end":{}}],"line":37},"3":{"loc":{"start":{"line":45,"column":6},"end":{"line":47,"column":7}},"type":"if","locations":[{"start":{"line":45,"column":6},"end":{"line":47,"column":7}},{"start":{},"end":{}}],"line":45},"4":{"loc":{"start":{"line":55,"column":44},"end":{"line":55,"column":57}},"type":"binary-expr","locations":[{"start":{"line":55,"column":44},"end":{"line":55,"column":49}},{"start":{"line":55,"column":53},"end":{"line":55,"column":57}}],"line":55},"5":{"loc":{"start":{"line":91,"column":6},"end":{"line":93,"column":7}},"type":"if","locations":[{"start":{"line":91,"column":6},"end":{"line":93,"column":7}},{"start":{},"end":{}}],"line":91},"6":{"loc":{"start":{"line":103,"column":6},"end":{"line":105,"column":7}},"type":"if","locations":[{"start":{"line":103,"column":6},"end":{"line":105,"column":7}},{"start":{},"end":{}}],"line":103},"7":{"loc":{"start":{"line":110,"column":6},"end":{"line":112,"column":7}},"type":"if","locations":[{"start":{"line":110,"column":6},"end":{"line":112,"column":7}},{"start":{},"end":{}}],"line":110},"8":{"loc":{"start":{"line":116,"column":6},"end":{"line":118,"column":7}},"type":"if","locations":[{"start":{"line":116,"column":6},"end":{"line":118,"column":7}},{"start":{},"end":{}}],"line":116},"9":{"loc":{"start":{"line":163,"column":6},"end":{"line":165,"column":7}},"type":"if","locations":[{"start":{"line":163,"column":6},"end":{"line":165,"column":7}},{"start":{},"end":{}}],"line":163},"10":{"loc":{"start":{"line":177,"column":6},"end":{"line":179,"column":7}},"type":"if","locations":[{"start":{"line":177,"column":6},"end":{"line":179,"column":7}},{"start":{},"end":{}}],"line":177}},"s":{"0":6,"1":6,"2":6,"3":6,"4":6,"5":6,"6":6,"7":6,"8":6,"9":10,"10":6,"11":2,"12":2,"13":2,"14":0,"15":2,"16":0,"17":2,"18":2,"19":2,"20":1,"21":1,"22":1,"23":1,"24":1,"25":0,"26":0,"27":6,"28":18,"29":18,"30":18,"31":7,"32":11,"33":11,"34":11,"35":0,"36":11,"37":11,"38":0,"39":11,"40":11,"41":1,"42":10,"43":10,"44":10,"45":0,"46":0,"47":6,"48":1,"49":6,"50":2,"51":2,"52":2,"53":0,"54":2,"55":2,"56":2,"57":2,"58":1,"59":1,"60":1,"61":1,"62":1,"63":0,"64":0,"65":6,"66":1,"67":1,"68":1,"69":0,"70":0,"71":6},"f":{"0":10,"1":2,"2":18,"3":1,"4":2,"5":1},"b":{"0":[10,0],"1":[0,2],"2":[0,2],"3":[1,1],"4":[1,1],"5":[7,11],"6":[0,11],"7":[0,11],"8":[1,10],"9":[0,2],"10":[1,1]},"_coverageSchema":"1a1c01bbd47fc00a2c39e90264f33305004495a9","hash":"143c1ce47d5af19b6b41376f9588a0d849b3f286"}
,"/Users/azzura/development/cafe-backend/routes/bookings.js": {"path":"/Users/azzura/development/cafe-backend/routes/bookings.js","statementMap":{"0":{"start":{"line":1,"column":16},"end":{"line":1,"column":34}},"1":{"start":{"line":2,"column":15},"end":{"line":2,"column":31}},"2":{"start":{"line":3,"column":49},"end":{"line":3,"column":77}},"3":{"start":{"line":4,"column":11},"end":{"line":4,"column":40}},"4":{"start":{"line":5,"column":50},"end":{"line":5,"column":79}},"5":{"start":{"line":6,"column":26},"end":{"line":6,"column":59}},"6":{"start":{"line":9,"column":20},"end":{"line":21,"column":1}},"7":{"start":{"line":10,"column":2},"end":{"line":20,"column":4}},"8":{"start":{"line":24,"column":0},"end":{"line":98,"column":2}},"9":{"start":{"line":34,"column":4},"end":{"line":96,"column":5}},"10":{"start":{"line":35,"column":21},"end":{"line":35,"column":42}},"11":{"start":{"line":36,"column":6},"end":{"line":38,"column":7}},"12":{"start":{"line":37,"column":8},"end":{"line":37,"column":64}},"13":{"start":{"line":40,"column":19},"end":{"line":40,"column":48}},"14":{"start":{"line":41,"column":20},"end":{"line":41,"column":51}},"15":{"start":{"line":42,"column":21},"end":{"line":42,"column":39}},"16":{"start":{"line":43,"column":38},"end":{"line":43,"column":47}},"17":{"start":{"line":45,"column":22},"end":{"line":45,"column":90}},"18":{"start":{"line":47,"column":22},"end":{"line":47,"column":47}},"19":{"start":{"line":48,"column":21},"end":{"line":48,"column":23}},"20":{"start":{"line":50,"column":6},"end":{"line":63,"column":7}},"21":{"start":{"line":52,"column":8},"end":{"line":54,"column":9}},"22":{"start":{"line":53,"column":10},"end":{"line":53,"column":96}},"23":{"start":{"line":55,"column":8},"end":{"line":55,"column":38}},"24":{"start":{"line":56,"column":8},"end":{"line":56,"column":27}},"25":{"start":{"line":59,"column":8},"end":{"line":62,"column":9}},"26":{"start":{"line":60,"column":10},"end":{"line":60,"column":40}},"27":{"start":{"line":61,"column":10},"end":{"line":61,"column":29}},"28":{"start":{"line":65,"column":6},"end":{"line":68,"column":7}},"29":{"start":{"line":66,"column":8},"end":{"line":66,"column":39}},"30":{"start":{"line":67,"column":8},"end":{"line":67,"column":28}},"31":{"start":{"line":70,"column":6},"end":{"line":73,"column":7}},"32":{"start":{"line":71,"column":8},"end":{"line":71,"column":45}},"33":{"start":{"line":72,"column":8},"end":{"line":72,"column":26}},"34":{"start":{"line":75,"column":28},"end":{"line":75,"column":91}},"35":{"start":{"line":77,"column":25},"end":{"line":82,"column":7}},"36":{"start":{"line":84,"column":6},"end":{"line":92,"column":9}},"37":{"start":{"line":94,"column":6},"end":{"line":94,"column":50}},"38":{"start":{"line":95,"column":6},"end":{"line":95,"column":54}},"39":{"start":{"line":101,"column":0},"end":{"line":139,"column":2}},"40":{"start":{"line":105,"column":4},"end":{"line":137,"column":5}},"41":{"start":{"line":106,"column":21},"end":{"line":106,"column":42}},"42":{"start":{"line":107,"column":6},"end":{"line":109,"column":7}},"43":{"start":{"line":108,"column":8},"end":{"line":108,"column":64}},"44":{"start":{"line":111,"column":25},"end":{"line":116,"column":7}},"45":{"start":{"line":118,"column":6},"end":{"line":120,"column":7}},"46":{"start":{"line":119,"column":8},"end":{"line":119,"column":68}},"47":{"start":{"line":122,"column":22},"end":{"line":122,"column":33}},"48":{"start":{"line":123,"column":22},"end":{"line":123,"column":90}},"49":{"start":{"line":126,"column":6},"end":{"line":131,"column":7}},"50":{"start":{"line":127,"column":22},"end":{"line":127,"column":37}},"51":{"start":{"line":128,"column":8},"end":{"line":130,"column":9}},"52":{"start":{"line":129,"column":10},"end":{"line":129,"column":66}},"53":{"start":{"line":133,"column":6},"end":{"line":133,"column":28}},"54":{"start":{"line":135,"column":6},"end":{"line":135,"column":49}},"55":{"start":{"line":136,"column":6},"end":{"line":136,"column":54}},"56":{"start":{"line":142,"column":0},"end":{"line":201,"column":2}},"57":{"start":{"line":155,"column":4},"end":{"line":199,"column":5}},"58":{"start":{"line":156,"column":21},"end":{"line":156,"column":42}},"59":{"start":{"line":157,"column":6},"end":{"line":159,"column":7}},"60":{"start":{"line":158,"column":8},"end":{"line":158,"column":64}},"61":{"start":{"line":161,"column":90},"end":{"line":161,"column":98}},"62":{"start":{"line":164,"column":25},"end":{"line":167,"column":7}},"63":{"start":{"line":169,"column":6},"end":{"line":173,"column":7}},"64":{"start":{"line":170,"column":8},"end":{"line":172,"column":11}},"65":{"start":{"line":175,"column":23},"end":{"line":179,"column":7}},"66":{"start":{"line":181,"column":22},"end":{"line":181,"column":51}},"67":{"start":{"line":182,"column":6},"end":{"line":182,"column":119}},"68":{"start":{"line":184,"column":6},"end":{"line":195,"column":9}},"69":{"start":{"line":197,"column":6},"end":{"line":197,"column":52}},"70":{"start":{"line":198,"column":6},"end":{"line":198,"column":54}},"71":{"start":{"line":204,"column":0},"end":{"line":261,"column":2}},"72":{"start":{"line":216,"column":4},"end":{"line":259,"column":5}},"73":{"start":{"line":217,"column":21},"end":{"line":217,"column":42}},"74":{"start":{"line":218,"column":6},"end":{"line":220,"column":7}},"75":{"start":{"line":219,"column":8},"end":{"line":219,"column":64}},"76":{"start":{"line":222,"column":24},"end":{"line":222,"column":37}},"77":{"start":{"line":223,"column":39},"end":{"line":223,"column":47}},"78":{"start":{"line":225,"column":25},"end":{"line":228,"column":7}},"79":{"start":{"line":230,"column":6},"end":{"line":232,"column":7}},"80":{"start":{"line":231,"column":8},"end":{"line":231,"column":68}},"81":{"start":{"line":234,"column":24},"end":{"line":234,"column":42}},"82":{"start":{"line":236,"column":22},"end":{"line":236,"column":36}},"83":{"start":{"line":237,"column":21},"end":{"line":237,"column":29}},"84":{"start":{"line":239,"column":6},"end":{"line":242,"column":7}},"85":{"start":{"line":240,"column":8},"end":{"line":240,"column":41}},"86":{"start":{"line":241,"column":8},"end":{"line":241,"column":34}},"87":{"start":{"line":244,"column":6},"end":{"line":244,"column":29}},"88":{"start":{"line":245,"column":6},"end":{"line":245,"column":87}},"89":{"start":{"line":247,"column":6},"end":{"line":253,"column":8}},"90":{"start":{"line":255,"column":6},"end":{"line":255,"column":62}},"91":{"start":{"line":257,"column":6},"end":{"line":257,"column":59}},"92":{"start":{"line":258,"column":6},"end":{"line":258,"column":54}},"93":{"start":{"line":264,"column":0},"end":{"line":296,"column":2}},"94":{"start":{"line":269,"column":4},"end":{"line":294,"column":5}},"95":{"start":{"line":270,"column":21},"end":{"line":270,"column":42}},"96":{"start":{"line":271,"column":6},"end":{"line":273,"column":7}},"97":{"start":{"line":272,"column":8},"end":{"line":272,"column":64}},"98":{"start":{"line":275,"column":24},"end":{"line":275,"column":37}},"99":{"start":{"line":277,"column":25},"end":{"line":280,"column":7}},"100":{"start":{"line":282,"column":6},"end":{"line":284,"column":7}},"101":{"start":{"line":283,"column":8},"end":{"line":283,"column":68}},"102":{"start":{"line":286,"column":6},"end":{"line":286,"column":71}},"103":{"start":{"line":288,"column":6},"end":{"line":288,"column":85}},"104":{"start":{"line":290,"column":6},"end":{"line":290,"column":60}},"105":{"start":{"line":292,"column":6},"end":{"line":292,"column":52}},"106":{"start":{"line":293,"column":6},"end":{"line":293,"column":54}},"107":{"start":{"line":298,"column":0},"end":{"line":298,"column":24}}},"fnMap":{"0":{"name":"(anonymous_0)","decl":{"start":{"line":9,"column":20},"end":{"line":9,"column":21}},"loc":{"start":{"line":9,"column":78},"end":{"line":21,"column":1}},"line":9},"1":{"name":"(anonymous_1)","decl":{"start":{"line":33,"column":2},"end":{"line":33,"column":3}},"loc":{"start":{"line":33,"column":22},"end":{"line":97,"column":3}},"line":33},"2":{"name":"(anonymous_2)","decl":{"start":{"line":104,"column":2},"end":{"line":104,"column":3}},"loc":{"start":{"line":104,"column":22},"end":{"line":138,"column":3}},"line":104},"3":{"name":"(anonymous_3)","decl":{"start":{"line":154,"column":2},"end":{"line":154,"column":3}},"loc":{"start":{"line":154,"column":22},"end":{"line":200,"column":3}},"line":154},"4":{"name":"(anonymous_4)","decl":{"start":{"line":215,"column":2},"end":{"line":215,"column":3}},"loc":{"start":{"line":215,"column":22},"end":{"line":260,"column":3}},"line":215},"5":{"name":"(anonymous_5)","decl":{"start":{"line":268,"column":2},"end":{"line":268,"column":3}},"loc":{"start":{"line":268,"column":22},"end":{"line":295,"column":3}},"line":268}},"branchMap":{"0":{"loc":{"start":{"line":16,"column":6},"end":{"line":16,"column":22}},"type":"binary-expr","locations":[{"start":{"line":16,"column":6},"end":{"line":16,"column":14}},{"start":{"line":16,"column":18},"end":{"line":16,"column":22}}],"line":16},"1":{"loc":{"start":{"line":17,"column":6},"end":{"line":17,"column":50}},"type":"cond-expr","locations":[{"start":{"line":17,"column":18},"end":{"line":17,"column":43}},{"start":{"line":17,"column":46},"end":{"line":17,"column":50}}],"line":17},"2":{"loc":{"start":{"line":18,"column":6},"end":{"line":18,"column":50}},"type":"cond-expr","locations":[{"start":{"line":18,"column":18},"end":{"line":18,"column":43}},{"start":{"line":18,"column":46},"end":{"line":18,"column":50}}],"line":18},"3":{"loc":{"start":{"line":36,"column":6},"end":{"line":38,"column":7}},"type":"if","locations":[{"start":{"line":36,"column":6},"end":{"line":38,"column":7}},{"start":{},"end":{}}],"line":36},"4":{"loc":{"start":{"line":40,"column":19},"end":{"line":40,"column":48}},"type":"binary-expr","locations":[{"start":{"line":40,"column":19},"end":{"line":40,"column":43}},{"start":{"line":40,"column":47},"end":{"line":40,"column":48}}],"line":40},"5":{"loc":{"start":{"line":41,"column":20},"end":{"line":41,"column":51}},"type":"binary-expr","locations":[{"start":{"line":41,"column":20},"end":{"line":41,"column":45}},{"start":{"line":41,"column":49},"end":{"line":41,"column":51}}],"line":41},"6":{"loc":{"start":{"line":45,"column":22},"end":{"line":45,"column":90}},"type":"binary-expr","locations":[{"start":{"line":45,"column":22},"end":{"line":45,"column":30}},{"start":{"line":45,"column":35},"end":{"line":45,"column":60}},{"start":{"line":45,"column":64},"end":{"line":45,"column":89}}],"line":45},"7":{"loc":{"start":{"line":50,"column":6},"end":{"line":63,"column":7}},"type":"if","locations":[{"start":{"line":50,"column":6},"end":{"line":63,"column":7}},{"start":{"line":57,"column":13},"end":{"line":63,"column":7}}],"line":50},"8":{"loc":{"start":{"line":52,"column":8},"end":{"line":54,"column":9}},"type":"if","locations":[{"start":{"line":52,"column":8},"end":{"line":54,"column":9}},{"start":{},"end":{}}],"line":52},"9":{"loc":{"start":{"line":59,"column":8},"end":{"line":62,"column":9}},"type":"if","locations":[{"start":{"line":59,"column":8},"end":{"line":62,"column":9}},{"start":{},"end":{}}],"line":59},"10":{"loc":{"start":{"line":65,"column":6},"end":{"line":68,"column":7}},"type":"if","locations":[{"start":{"line":65,"column":6},"end":{"line":68,"column":7}},{"start":{},"end":{}}],"line":65},"11":{"loc":{"start":{"line":70,"column":6},"end":{"line":73,"column":7}},"type":"if","locations":[{"start":{"line":70,"column":6},"end":{"line":73,"column":7}},{"start":{},"end":{}}],"line":70},"12":{"loc":{"start":{"line":107,"column":6},"end":{"line":109,"column":7}},"type":"if","locations":[{"start":{"line":107,"column":6},"end":{"line":109,"column":7}},{"start":{},"end":{}}],"line":107},"13":{"loc":{"start":{"line":118,"column":6},"end":{"line":120,"column":7}},"type":"if","locations":[{"start":{"line":118,"column":6},"end":{"line":120,"column":7}},{"start":{},"end":{}}],"line":118},"14":{"loc":{"start":{"line":123,"column":22},"end":{"line":123,"column":90}},"type":"binary-expr","locations":[{"start":{"line":123,"column":22},"end":{"line":123,"column":30}},{"start":{"line":123,"column":35},"end":{"line":123,"column":60}},{"start":{"line":123,"column":64},"end":{"line":123,"column":89}}],"line":123},"15":{"loc":{"start":{"line":126,"column":6},"end":{"line":131,"column":7}},"type":"if","locations":[{"start":{"line":126,"column":6},"end":{"line":131,"column":7}},{"start":{},"end":{}}],"line":126},"16":{"loc":{"start":{"line":128,"column":8},"end":{"line":130,"column":9}},"type":"if","locations":[{"start":{"line":128,"column":8},"end":{"line":130,"column":9}},{"start":{},"end":{}}],"line":128},"17":{"loc":{"start":{"line":128,"column":12},"end":{"line":128,"column":45}},"type":"binary-expr","locations":[{"start":{"line":128,"column":12},"end":{"line":128,"column":18}},{"start":{"line":128,"column":22},"end":{"line":128,"column":45}}],"line":128},"18":{"loc":{"start":{"line":157,"column":6},"end":{"line":159,"column":7}},"type":"if","locations":[{"start":{"line":157,"column":6},"end":{"line":159,"column":7}},{"start":{},"end":{}}],"line":157},"19":{"loc":{"start":{"line":169,"column":6},"end":{"line":173,"column":7}},"type":"if","locations":[{"start":{"line":169,"column":6},"end":{"line":173,"column":7}},{"start":{},"end":{}}],"line":169},"20":{"loc":{"start":{"line":178,"column":65},"end":{"line":178,"column":88}},"type":"binary-expr","locations":[{"start":{"line":178,"column":65},"end":{"line":178,"column":80}},{"start":{"line":178,"column":84},"end":{"line":178,"column":88}}],"line":178},"21":{"loc":{"start":{"line":181,"column":22},"end":{"line":181,"column":51}},"type":"cond-expr","locations":[{"start":{"line":181,"column":33},"end":{"line":181,"column":44}},{"start":{"line":181,"column":47},"end":{"line":181,"column":51}}],"line":181},"22":{"loc":{"start":{"line":218,"column":6},"end":{"line":220,"column":7}},"type":"if","locations":[{"start":{"line":218,"column":6},"end":{"line":220,"column":7}},{"start":{},"end":{}}],"line":218},"23":{"loc":{"start":{"line":230,"column":6},"end":{"line":232,"column":7}},"type":"if","locations":[{"start":{"line":230,"column":6},"end":{"line":232,"column":7}},{"start":{},"end":{}}],"line":230},"24":{"loc":{"start":{"line":239,"column":6},"end":{"line":242,"column":7}},"type":"if","locations":[{"start":{"line":239,"column":6},"end":{"line":242,"column":7}},{"start":{},"end":{}}],"line":239},"25":{"loc":{"start":{"line":271,"column":6},"end":{"line":273,"column":7}},"type":"if","locations":[{"start":{"line":271,"column":6},"end":{"line":273,"column":7}},{"start":{},"end":{}}],"line":271},"26":{"loc":{"start":{"line":282,"column":6},"end":{"line":284,"column":7}},"type":"if","locations":[{"start":{"line":282,"column":6},"end":{"line":284,"column":7}},{"start":{},"end":{}}],"line":282}},"s":{"0":6,"1":6,"2":6,"3":6,"4":6,"5":6,"6":6,"7":1,"8":6,"9":0,"10":0,"11":0,"12":0,"13":0,"14":0,"15":0,"16":0,"17":0,"18":0,"19":0,"20":0,"21":0,"22":0,"23":0,"24":0,"25":0,"26":0,"27":0,"28":0,"29":0,"30":0,"31":0,"32":0,"33":0,"34":0,"35":0,"36":0,"37":0,"38":0,"39":6,"40":0,"41":0,"42":0,"43":0,"44":0,"45":0,"46":0,"47":0,"48":0,"49":0,"50":0,"51":0,"52":0,"53":0,"54":0,"55":0,"56":6,"57":2,"58":2,"59":2,"60":0,"61":2,"62":2,"63":2,"64":1,"65":1,"66":1,"67":1,"68":1,"69":0,"70":0,"71":6,"72":0,"73":0,"74":0,"75":0,"76":0,"77":0,"78":0,"79":0,"80":0,"81":0,"82":0,"83":0,"84":0,"85":0,"86":0,"87":0,"88":0,"89":0,"90":0,"91":0,"92":0,"93":6,"94":0,"95":0,"96":0,"97":0,"98":0,"99":0,"100":0,"101":0,"102":0,"103":0,"104":0,"105":0,"106":0,"107":6},"f":{"0":1,"1":0,"2":0,"3":2,"4":0,"5":0},"b":{"0":[1,0],"1":[0,1],"2":[1,0],"3":[0,0],"4":[0,0],"5":[0,0],"6":[0,0,0],"7":[0,0],"8":[0,0],"9":[0,0],"10":[0,0],"11":[0,0],"12":[0,0],"13":[0,0],"14":[0,0,0],"15":[0,0],"16":[0,0],"17":[0,0],"18":[0,2],"19":[1,1],"20":[1,1],"21":[0,1],"22":[0,0],"23":[0,0],"24":[0,0],"25":[0,0],"26":[0,0]},"_coverageSchema":"1a1c01bbd47fc00a2c39e90264f33305004495a9","hash":"c6c2cbba0dde1a1984067a5ca7da05edf58e7ce4"}
,"/Users/azzura/development/cafe-backend/routes/categories.js": {"path":"/Users/azzura/development/cafe-backend/routes/categories.js","statementMap":{"0":{"start":{"line":1,"column":16},"end":{"line":1,"column":34}},"1":{"start":{"line":2,"column":15},"end":{"line":2,"column":31}},"2":{"start":{"line":3,"column":42},"end":{"line":3,"column":70}},"3":{"start":{"line":4,"column":11},"end":{"line":4,"column":40}},"4":{"start":{"line":5,"column":36},"end":{"line":5,"column":65}},"5":{"start":{"line":6,"column":26},"end":{"line":6,"column":59}},"6":{"start":{"line":9,"column":21},"end":{"line":15,"column":24}},"7":{"start":{"line":10,"column":2},"end":{"line":15,"column":24}},"8":{"start":{"line":18,"column":19},"end":{"line":30,"column":1}},"9":{"start":{"line":19,"column":13},"end":{"line":19,"column":17}},"10":{"start":{"line":20,"column":16},"end":{"line":20,"column":17}},"11":{"start":{"line":21,"column":2},"end":{"line":29,"column":3}},"12":{"start":{"line":22,"column":18},"end":{"line":24,"column":50}},"13":{"start":{"line":25,"column":19},"end":{"line":25,"column":57}},"14":{"start":{"line":26,"column":19},"end":{"line":26,"column":48}},"15":{"start":{"line":27,"column":4},"end":{"line":27,"column":39}},"16":{"start":{"line":27,"column":27},"end":{"line":27,"column":39}},"17":{"start":{"line":28,"column":4},"end":{"line":28,"column":34}},"18":{"start":{"line":33,"column":20},"end":{"line":45,"column":1}},"19":{"start":{"line":34,"column":2},"end":{"line":44,"column":4}},"20":{"start":{"line":48,"column":0},"end":{"line":86,"column":3}},"21":{"start":{"line":49,"column":2},"end":{"line":85,"column":3}},"22":{"start":{"line":50,"column":34},"end":{"line":50,"column":43}},"23":{"start":{"line":52,"column":16},"end":{"line":61,"column":5}},"24":{"start":{"line":62,"column":19},"end":{"line":62,"column":21}},"25":{"start":{"line":64,"column":4},"end":{"line":67,"column":5}},"26":{"start":{"line":65,"column":6},"end":{"line":65,"column":35}},"27":{"start":{"line":66,"column":6},"end":{"line":66,"column":26}},"28":{"start":{"line":69,"column":4},"end":{"line":76,"column":5}},"29":{"start":{"line":70,"column":6},"end":{"line":75,"column":7}},"30":{"start":{"line":71,"column":8},"end":{"line":71,"column":44}},"31":{"start":{"line":73,"column":8},"end":{"line":73,"column":40}},"32":{"start":{"line":74,"column":8},"end":{"line":74,"column":31}},"33":{"start":{"line":78,"column":4},"end":{"line":78,"column":63}},"34":{"start":{"line":80,"column":25},"end":{"line":80,"column":54}},"35":{"start":{"line":81,"column":4},"end":{"line":81,"column":55}},"36":{"start":{"line":83,"column":4},"end":{"line":83,"column":50}},"37":{"start":{"line":84,"column":4},"end":{"line":84,"column":52}},"38":{"start":{"line":89,"column":0},"end":{"line":119,"column":2}},"39":{"start":{"line":92,"column":4},"end":{"line":117,"column":5}},"40":{"start":{"line":93,"column":21},"end":{"line":93,"column":42}},"41":{"start":{"line":94,"column":6},"end":{"line":96,"column":7}},"42":{"start":{"line":95,"column":8},"end":{"line":95,"column":64}},"43":{"start":{"line":98,"column":21},"end":{"line":107,"column":7}},"44":{"start":{"line":109,"column":6},"end":{"line":111,"column":7}},"45":{"start":{"line":110,"column":8},"end":{"line":110,"column":69}},"46":{"start":{"line":113,"column":6},"end":{"line":113,"column":38}},"47":{"start":{"line":115,"column":6},"end":{"line":115,"column":50}},"48":{"start":{"line":116,"column":6},"end":{"line":116,"column":54}},"49":{"start":{"line":122,"column":0},"end":{"line":182,"column":2}},"50":{"start":{"line":137,"column":4},"end":{"line":180,"column":5}},"51":{"start":{"line":138,"column":21},"end":{"line":138,"column":42}},"52":{"start":{"line":139,"column":6},"end":{"line":141,"column":7}},"53":{"start":{"line":140,"column":8},"end":{"line":140,"column":64}},"54":{"start":{"line":143,"column":89},"end":{"line":143,"column":97}},"55":{"start":{"line":146,"column":6},"end":{"line":151,"column":7}},"56":{"start":{"line":147,"column":25},"end":{"line":147,"column":94}},"57":{"start":{"line":148,"column":8},"end":{"line":150,"column":9}},"58":{"start":{"line":149,"column":10},"end":{"line":149,"column":78}},"59":{"start":{"line":153,"column":23},"end":{"line":153,"column":69}},"60":{"start":{"line":154,"column":24},"end":{"line":154,"column":50}},"61":{"start":{"line":156,"column":23},"end":{"line":169,"column":7}},"62":{"start":{"line":171,"column":6},"end":{"line":171,"column":106}},"63":{"start":{"line":173,"column":6},"end":{"line":176,"column":9}},"64":{"start":{"line":178,"column":6},"end":{"line":178,"column":53}},"65":{"start":{"line":179,"column":6},"end":{"line":179,"column":54}},"66":{"start":{"line":185,"column":0},"end":{"line":264,"column":2}},"67":{"start":{"line":201,"column":4},"end":{"line":262,"column":5}},"68":{"start":{"line":202,"column":21},"end":{"line":202,"column":42}},"69":{"start":{"line":203,"column":6},"end":{"line":205,"column":7}},"70":{"start":{"line":204,"column":8},"end":{"line":204,"column":64}},"71":{"start":{"line":207,"column":25},"end":{"line":207,"column":38}},"72":{"start":{"line":209,"column":25},"end":{"line":209,"column":94}},"73":{"start":{"line":210,"column":6},"end":{"line":212,"column":7}},"74":{"start":{"line":211,"column":8},"end":{"line":211,"column":69}},"75":{"start":{"line":214,"column":18},"end":{"line":214,"column":29}},"76":{"start":{"line":217,"column":6},"end":{"line":219,"column":7}},"77":{"start":{"line":218,"column":8},"end":{"line":218,"column":86}},"78":{"start":{"line":221,"column":6},"end":{"line":226,"column":7}},"79":{"start":{"line":222,"column":25},"end":{"line":222,"column":103}},"80":{"start":{"line":223,"column":8},"end":{"line":225,"column":9}},"81":{"start":{"line":224,"column":10},"end":{"line":224,"column":78}},"82":{"start":{"line":228,"column":28},"end":{"line":228,"column":108}},"83":{"start":{"line":229,"column":22},"end":{"line":229,"column":24}},"84":{"start":{"line":230,"column":21},"end":{"line":230,"column":23}},"85":{"start":{"line":232,"column":6},"end":{"line":237,"column":7}},"86":{"start":{"line":233,"column":8},"end":{"line":236,"column":9}},"87":{"start":{"line":234,"column":10},"end":{"line":234,"column":39}},"88":{"start":{"line":235,"column":10},"end":{"line":235,"column":71}},"89":{"start":{"line":240,"column":6},"end":{"line":247,"column":7}},"90":{"start":{"line":241,"column":25},"end":{"line":243,"column":51}},"91":{"start":{"line":244,"column":26},"end":{"line":244,"column":64}},"92":{"start":{"line":245,"column":8},"end":{"line":245,"column":33}},"93":{"start":{"line":246,"column":8},"end":{"line":246,"column":31}},"94":{"start":{"line":249,"column":6},"end":{"line":251,"column":7}},"95":{"start":{"line":250,"column":8},"end":{"line":250,"column":70}},"96":{"start":{"line":253,"column":6},"end":{"line":253,"column":30}},"97":{"start":{"line":254,"column":6},"end":{"line":254,"column":89}},"98":{"start":{"line":256,"column":6},"end":{"line":256,"column":83}},"99":{"start":{"line":258,"column":6},"end":{"line":258,"column":61}},"100":{"start":{"line":260,"column":6},"end":{"line":260,"column":53}},"101":{"start":{"line":261,"column":6},"end":{"line":261,"column":54}},"102":{"start":{"line":267,"column":0},"end":{"line":319,"column":2}},"103":{"start":{"line":272,"column":4},"end":{"line":317,"column":5}},"104":{"start":{"line":273,"column":21},"end":{"line":273,"column":42}},"105":{"start":{"line":274,"column":6},"end":{"line":276,"column":7}},"106":{"start":{"line":275,"column":8},"end":{"line":275,"column":64}},"107":{"start":{"line":278,"column":25},"end":{"line":278,"column":38}},"108":{"start":{"line":280,"column":25},"end":{"line":280,"column":94}},"109":{"start":{"line":281,"column":6},"end":{"line":283,"column":7}},"110":{"start":{"line":282,"column":8},"end":{"line":282,"column":69}},"111":{"start":{"line":286,"column":25},"end":{"line":289,"column":7}},"112":{"start":{"line":290,"column":6},"end":{"line":295,"column":7}},"113":{"start":{"line":291,"column":8},"end":{"line":294,"column":11}},"114":{"start":{"line":298,"column":25},"end":{"line":301,"column":7}},"115":{"start":{"line":302,"column":6},"end":{"line":307,"column":7}},"116":{"start":{"line":303,"column":8},"end":{"line":306,"column":11}},"117":{"start":{"line":309,"column":6},"end":{"line":309,"column":74}},"118":{"start":{"line":311,"column":6},"end":{"line":311,"column":87}},"119":{"start":{"line":313,"column":6},"end":{"line":313,"column":61}},"120":{"start":{"line":315,"column":6},"end":{"line":315,"column":53}},"121":{"start":{"line":316,"column":6},"end":{"line":316,"column":54}},"122":{"start":{"line":321,"column":0},"end":{"line":321,"column":24}}},"fnMap":{"0":{"name":"(anonymous_0)","decl":{"start":{"line":9,"column":21},"end":{"line":9,"column":22}},"loc":{"start":{"line":10,"column":2},"end":{"line":15,"column":24}},"line":10},"1":{"name":"(anonymous_1)","decl":{"start":{"line":18,"column":19},"end":{"line":18,"column":20}},"loc":{"start":{"line":18,"column":53},"end":{"line":30,"column":1}},"line":18},"2":{"name":"(anonymous_2)","decl":{"start":{"line":33,"column":20},"end":{"line":33,"column":21}},"loc":{"start":{"line":33,"column":78},"end":{"line":45,"column":1}},"line":33},"3":{"name":"(anonymous_3)","decl":{"start":{"line":48,"column":16},"end":{"line":48,"column":17}},"loc":{"start":{"line":48,"column":36},"end":{"line":86,"column":1}},"line":48},"4":{"name":"(anonymous_4)","decl":{"start":{"line":91,"column":2},"end":{"line":91,"column":3}},"loc":{"start":{"line":91,"column":22},"end":{"line":118,"column":3}},"line":91},"5":{"name":"(anonymous_5)","decl":{"start":{"line":136,"column":2},"end":{"line":136,"column":3}},"loc":{"start":{"line":136,"column":22},"end":{"line":181,"column":3}},"line":136},"6":{"name":"(anonymous_6)","decl":{"start":{"line":200,"column":2},"end":{"line":200,"column":3}},"loc":{"start":{"line":200,"column":22},"end":{"line":263,"column":3}},"line":200},"7":{"name":"(anonymous_7)","decl":{"start":{"line":271,"column":2},"end":{"line":271,"column":3}},"loc":{"start":{"line":271,"column":22},"end":{"line":318,"column":3}},"line":271}},"branchMap":{"0":{"loc":{"start":{"line":18,"column":32},"end":{"line":18,"column":48}},"type":"default-arg","locations":[{"start":{"line":18,"column":44},"end":{"line":18,"column":48}}],"line":18},"1":{"loc":{"start":{"line":22,"column":18},"end":{"line":24,"column":50}},"type":"cond-expr","locations":[{"start":{"line":23,"column":8},"end":{"line":23,"column":62}},{"start":{"line":24,"column":8},"end":{"line":24,"column":50}}],"line":22},"2":{"loc":{"start":{"line":25,"column":19},"end":{"line":25,"column":57}},"type":"cond-expr","locations":[{"start":{"line":25,"column":31},"end":{"line":25,"column":48}},{"start":{"line":25,"column":51},"end":{"line":25,"column":57}}],"line":25},"3":{"loc":{"start":{"line":27,"column":4},"end":{"line":27,"column":39}},"type":"if","locations":[{"start":{"line":27,"column":4},"end":{"line":27,"column":39}},{"start":{},"end":{}}],"line":27},"4":{"loc":{"start":{"line":40,"column":6},"end":{"line":40,"column":22}},"type":"binary-expr","locations":[{"start":{"line":40,"column":6},"end":{"line":40,"column":14}},{"start":{"line":40,"column":18},"end":{"line":40,"column":22}}],"line":40},"5":{"loc":{"start":{"line":41,"column":6},"end":{"line":41,"column":50}},"type":"cond-expr","locations":[{"start":{"line":41,"column":18},"end":{"line":41,"column":43}},{"start":{"line":41,"column":46},"end":{"line":41,"column":50}}],"line":41},"6":{"loc":{"start":{"line":42,"column":6},"end":{"line":42,"column":50}},"type":"cond-expr","locations":[{"start":{"line":42,"column":18},"end":{"line":42,"column":43}},{"start":{"line":42,"column":46},"end":{"line":42,"column":50}}],"line":42},"7":{"loc":{"start":{"line":64,"column":4},"end":{"line":67,"column":5}},"type":"if","locations":[{"start":{"line":64,"column":4},"end":{"line":67,"column":5}},{"start":{},"end":{}}],"line":64},"8":{"loc":{"start":{"line":69,"column":4},"end":{"line":76,"column":5}},"type":"if","locations":[{"start":{"line":69,"column":4},"end":{"line":76,"column":5}},{"start":{},"end":{}}],"line":69},"9":{"loc":{"start":{"line":70,"column":6},"end":{"line":75,"column":7}},"type":"if","locations":[{"start":{"line":70,"column":6},"end":{"line":75,"column":7}},{"start":{"line":72,"column":13},"end":{"line":75,"column":7}}],"line":70},"10":{"loc":{"start":{"line":70,"column":10},"end":{"line":70,"column":50}},"type":"binary-expr","locations":[{"start":{"line":70,"column":10},"end":{"line":70,"column":30}},{"start":{"line":70,"column":34},"end":{"line":70,"column":50}}],"line":70},"11":{"loc":{"start":{"line":94,"column":6},"end":{"line":96,"column":7}},"type":"if","locations":[{"start":{"line":94,"column":6},"end":{"line":96,"column":7}},{"start":{},"end":{}}],"line":94},"12":{"loc":{"start":{"line":109,"column":6},"end":{"line":111,"column":7}},"type":"if","locations":[{"start":{"line":109,"column":6},"end":{"line":111,"column":7}},{"start":{},"end":{}}],"line":109},"13":{"loc":{"start":{"line":139,"column":6},"end":{"line":141,"column":7}},"type":"if","locations":[{"start":{"line":139,"column":6},"end":{"line":141,"column":7}},{"start":{},"end":{}}],"line":139},"14":{"loc":{"start":{"line":146,"column":6},"end":{"line":151,"column":7}},"type":"if","locations":[{"start":{"line":146,"column":6},"end":{"line":151,"column":7}},{"start":{},"end":{}}],"line":146},"15":{"loc":{"start":{"line":148,"column":8},"end":{"line":150,"column":9}},"type":"if","locations":[{"start":{"line":148,"column":8},"end":{"line":150,"column":9}},{"start":{},"end":{}}],"line":148},"16":{"loc":{"start":{"line":153,"column":23},"end":{"line":153,"column":69}},"type":"cond-expr","locations":[{"start":{"line":153,"column":30},"end":{"line":153,"column":48}},{"start":{"line":153,"column":51},"end":{"line":153,"column":69}}],"line":153},"17":{"loc":{"start":{"line":162,"column":10},"end":{"line":162,"column":29}},"type":"binary-expr","locations":[{"start":{"line":162,"column":10},"end":{"line":162,"column":21}},{"start":{"line":162,"column":25},"end":{"line":162,"column":29}}],"line":162},"18":{"loc":{"start":{"line":163,"column":10},"end":{"line":163,"column":23}},"type":"binary-expr","locations":[{"start":{"line":163,"column":10},"end":{"line":163,"column":15}},{"start":{"line":163,"column":19},"end":{"line":163,"column":23}}],"line":163},"19":{"loc":{"start":{"line":164,"column":10},"end":{"line":164,"column":22}},"type":"binary-expr","locations":[{"start":{"line":164,"column":10},"end":{"line":164,"column":14}},{"start":{"line":164,"column":18},"end":{"line":164,"column":22}}],"line":164},"20":{"loc":{"start":{"line":165,"column":10},"end":{"line":165,"column":27}},"type":"binary-expr","locations":[{"start":{"line":165,"column":10},"end":{"line":165,"column":19}},{"start":{"line":165,"column":23},"end":{"line":165,"column":27}}],"line":165},"21":{"loc":{"start":{"line":166,"column":10},"end":{"line":166,"column":51}},"type":"cond-expr","locations":[{"start":{"line":166,"column":34},"end":{"line":166,"column":47}},{"start":{"line":166,"column":50},"end":{"line":166,"column":51}}],"line":166},"22":{"loc":{"start":{"line":167,"column":10},"end":{"line":167,"column":28}},"type":"binary-expr","locations":[{"start":{"line":167,"column":10},"end":{"line":167,"column":16}},{"start":{"line":167,"column":20},"end":{"line":167,"column":28}}],"line":167},"23":{"loc":{"start":{"line":203,"column":6},"end":{"line":205,"column":7}},"type":"if","locations":[{"start":{"line":203,"column":6},"end":{"line":205,"column":7}},{"start":{},"end":{}}],"line":203},"24":{"loc":{"start":{"line":210,"column":6},"end":{"line":212,"column":7}},"type":"if","locations":[{"start":{"line":210,"column":6},"end":{"line":212,"column":7}},{"start":{},"end":{}}],"line":210},"25":{"loc":{"start":{"line":217,"column":6},"end":{"line":219,"column":7}},"type":"if","locations":[{"start":{"line":217,"column":6},"end":{"line":219,"column":7}},{"start":{},"end":{}}],"line":217},"26":{"loc":{"start":{"line":217,"column":10},"end":{"line":217,"column":81}},"type":"binary-expr","locations":[{"start":{"line":217,"column":10},"end":{"line":217,"column":28}},{"start":{"line":217,"column":32},"end":{"line":217,"column":81}}],"line":217},"27":{"loc":{"start":{"line":221,"column":6},"end":{"line":226,"column":7}},"type":"if","locations":[{"start":{"line":221,"column":6},"end":{"line":226,"column":7}},{"start":{},"end":{}}],"line":221},"28":{"loc":{"start":{"line":223,"column":8},"end":{"line":225,"column":9}},"type":"if","locations":[{"start":{"line":223,"column":8},"end":{"line":225,"column":9}},{"start":{},"end":{}}],"line":223},"29":{"loc":{"start":{"line":233,"column":8},"end":{"line":236,"column":9}},"type":"if","locations":[{"start":{"line":233,"column":8},"end":{"line":236,"column":9}},{"start":{},"end":{}}],"line":233},"30":{"loc":{"start":{"line":235,"column":22},"end":{"line":235,"column":69}},"type":"cond-expr","locations":[{"start":{"line":235,"column":47},"end":{"line":235,"column":51}},{"start":{"line":235,"column":54},"end":{"line":235,"column":69}}],"line":235},"31":{"loc":{"start":{"line":240,"column":6},"end":{"line":247,"column":7}},"type":"if","locations":[{"start":{"line":240,"column":6},"end":{"line":247,"column":7}},{"start":{},"end":{}}],"line":240},"32":{"loc":{"start":{"line":240,"column":10},"end":{"line":240,"column":68}},"type":"binary-expr","locations":[{"start":{"line":240,"column":10},"end":{"line":240,"column":37}},{"start":{"line":240,"column":41},"end":{"line":240,"column":68}}],"line":240},"33":{"loc":{"start":{"line":241,"column":25},"end":{"line":243,"column":51}},"type":"cond-expr","locations":[{"start":{"line":242,"column":12},"end":{"line":242,"column":39}},{"start":{"line":243,"column":12},"end":{"line":243,"column":51}}],"line":241},"34":{"loc":{"start":{"line":243,"column":25},"end":{"line":243,"column":50}},"type":"binary-expr","locations":[{"start":{"line":243,"column":25},"end":{"line":243,"column":38}},{"start":{"line":243,"column":42},"end":{"line":243,"column":50}}],"line":243},"35":{"loc":{"start":{"line":249,"column":6},"end":{"line":251,"column":7}},"type":"if","locations":[{"start":{"line":249,"column":6},"end":{"line":251,"column":7}},{"start":{},"end":{}}],"line":249},"36":{"loc":{"start":{"line":274,"column":6},"end":{"line":276,"column":7}},"type":"if","locations":[{"start":{"line":274,"column":6},"end":{"line":276,"column":7}},{"start":{},"end":{}}],"line":274},"37":{"loc":{"start":{"line":281,"column":6},"end":{"line":283,"column":7}},"type":"if","locations":[{"start":{"line":281,"column":6},"end":{"line":283,"column":7}},{"start":{},"end":{}}],"line":281},"38":{"loc":{"start":{"line":290,"column":6},"end":{"line":295,"column":7}},"type":"if","locations":[{"start":{"line":290,"column":6},"end":{"line":295,"column":7}},{"start":{},"end":{}}],"line":290},"39":{"loc":{"start":{"line":302,"column":6},"end":{"line":307,"column":7}},"type":"if","locations":[{"start":{"line":302,"column":6},"end":{"line":307,"column":7}},{"start":{},"end":{}}],"line":302}},"s":{"0":6,"1":6,"2":6,"3":6,"4":6,"5":6,"6":6,"7":0,"8":6,"9":0,"10":0,"11":0,"12":0,"13":0,"14":0,"15":0,"16":0,"17":0,"18":6,"19":0,"20":6,"21":0,"22":0,"23":0,"24":0,"25":0,"26":0,"27":0,"28":0,"29":0,"30":0,"31":0,"32":0,"33":0,"34":0,"35":0,"36":0,"37":0,"38":6,"39":0,"40":0,"41":0,"42":0,"43":0,"44":0,"45":0,"46":0,"47":0,"48":0,"49":6,"50":0,"51":0,"52":0,"53":0,"54":0,"55":0,"56":0,"57":0,"58":0,"59":0,"60":0,"61":0,"62":0,"63":0,"64":0,"65":0,"66":6,"67":0,"68":0,"69":0,"70":0,"71":0,"72":0,"73":0,"74":0,"75":0,"76":0,"77":0,"78":0,"79":0,"80":0,"81":0,"82":0,"83":0,"84":0,"85":0,"86":0,"87":0,"88":0,"89":0,"90":0,"91":0,"92":0,"93":0,"94":0,"95":0,"96":0,"97":0,"98":0,"99":0,"100":0,"101":0,"102":6,"103":0,"104":0,"105":0,"106":0,"107":0,"108":0,"109":0,"110":0,"111":0,"112":0,"113":0,"114":0,"115":0,"116":0,"117":0,"118":0,"119":0,"120":0,"121":0,"122":6},"f":{"0":0,"1":0,"2":0,"3":0,"4":0,"5":0,"6":0,"7":0},"b":{"0":[0],"1":[0,0],"2":[0,0],"3":[0,0],"4":[0,0],"5":[0,0],"6":[0,0],"7":[0,0],"8":[0,0],"9":[0,0],"10":[0,0],"11":[0,0],"12":[0,0],"13":[0,0],"14":[0,0],"15":[0,0],"16":[0,0],"17":[0,0],"18":[0,0],"19":[0,0],"20":[0,0],"21":[0,0],"22":[0,0],"23":[0,0],"24":[0,0],"25":[0,0],"26":[0,0],"27":[0,0],"28":[0,0],"29":[0,0],"30":[0,0],"31":[0,0],"32":[0,0],"33":[0,0],"34":[0,0],"35":[0,0],"36":[0,0],"37":[0,0],"38":[0,0],"39":[0,0]},"_coverageSchema":"1a1c01bbd47fc00a2c39e90264f33305004495a9","hash":"b7188765159dcb5db156dd5ea0588885b70ec9ff"}
,"/Users/azzura/development/cafe-backend/routes/dashboard.js": {"path":"/Users/azzura/development/cafe-backend/routes/dashboard.js","statementMap":{"0":{"start":{"line":1,"column":16},"end":{"line":1,"column":34}},"1":{"start":{"line":2,"column":15},"end":{"line":2,"column":31}},"2":{"start":{"line":3,"column":11},"end":{"line":3,"column":40}},"3":{"start":{"line":4,"column":36},"end":{"line":4,"column":65}},"4":{"start":{"line":7,"column":0},"end":{"line":90,"column":2}},"5":{"start":{"line":11,"column":4},"end":{"line":88,"column":5}},"6":{"start":{"line":12,"column":20},"end":{"line":12,"column":57}},"7":{"start":{"line":21,"column":10},"end":{"line":75,"column":8}},"8":{"start":{"line":77,"column":6},"end":{"line":84,"column":9}},"9":{"start":{"line":86,"column":6},"end":{"line":86,"column":53}},"10":{"start":{"line":87,"column":6},"end":{"line":87,"column":54}},"11":{"start":{"line":92,"column":0},"end":{"line":92,"column":24}}},"fnMap":{"0":{"name":"(anonymous_0)","decl":{"start":{"line":10,"column":2},"end":{"line":10,"column":3}},"loc":{"start":{"line":10,"column":22},"end":{"line":89,"column":3}},"line":10}},"branchMap":{},"s":{"0":6,"1":6,"2":6,"3":6,"4":6,"5":0,"6":0,"7":0,"8":0,"9":0,"10":0,"11":6},"f":{"0":0},"b":{},"_coverageSchema":"1a1c01bbd47fc00a2c39e90264f33305004495a9","hash":"9b295aa4416f27e4fb7f5e5d3023c9a52ed6698e"}
,"/Users/azzura/development/cafe-backend/routes/media.js": {"path":"/Users/azzura/development/cafe-backend/routes/media.js","statementMap":{"0":{"start":{"line":1,"column":16},"end":{"line":1,"column":34}},"1":{"start":{"line":2,"column":15},"end":{"line":2,"column":31}},"2":{"start":{"line":3,"column":13},"end":{"line":3,"column":28}},"3":{"start":{"line":4,"column":11},"end":{"line":4,"column":24}},"4":{"start":{"line":5,"column":23},"end":{"line":5,"column":38}},"5":{"start":{"line":6,"column":15},"end":{"line":6,"column":32}},"6":{"start":{"line":7,"column":43},"end":{"line":7,"column":71}},"7":{"start":{"line":8,"column":11},"end":{"line":8,"column":40}},"8":{"start":{"line":9,"column":41},"end":{"line":9,"column":70}},"9":{"start":{"line":12,"column":27},"end":{"line":18,"column":1}},"10":{"start":{"line":20,"column":27},"end":{"line":20,"column":77}},"11":{"start":{"line":21,"column":22},"end":{"line":21,"column":37}},"12":{"start":{"line":23,"column":19},"end":{"line":23,"column":56}},"13":{"start":{"line":26,"column":0},"end":{"line":28,"column":1}},"14":{"start":{"line":27,"column":2},"end":{"line":27,"column":48}},"15":{"start":{"line":31,"column":16},"end":{"line":39,"column":2}},"16":{"start":{"line":33,"column":4},"end":{"line":33,"column":25}},"17":{"start":{"line":36,"column":16},"end":{"line":36,"column":61}},"18":{"start":{"line":37,"column":4},"end":{"line":37,"column":34}},"19":{"start":{"line":41,"column":19},"end":{"line":48,"column":1}},"20":{"start":{"line":42,"column":14},"end":{"line":42,"column":59}},"21":{"start":{"line":43,"column":2},"end":{"line":47,"column":3}},"22":{"start":{"line":44,"column":4},"end":{"line":44,"column":19}},"23":{"start":{"line":46,"column":4},"end":{"line":46,"column":81}},"24":{"start":{"line":50,"column":15},"end":{"line":54,"column":2}},"25":{"start":{"line":57,"column":20},"end":{"line":69,"column":1}},"26":{"start":{"line":58,"column":2},"end":{"line":68,"column":4}},"27":{"start":{"line":72,"column":0},"end":{"line":133,"column":2}},"28":{"start":{"line":82,"column":4},"end":{"line":131,"column":5}},"29":{"start":{"line":83,"column":21},"end":{"line":83,"column":42}},"30":{"start":{"line":84,"column":6},"end":{"line":86,"column":7}},"31":{"start":{"line":85,"column":8},"end":{"line":85,"column":64}},"32":{"start":{"line":88,"column":19},"end":{"line":88,"column":48}},"33":{"start":{"line":89,"column":20},"end":{"line":89,"column":51}},"34":{"start":{"line":90,"column":21},"end":{"line":90,"column":39}},"35":{"start":{"line":91,"column":36},"end":{"line":91,"column":45}},"36":{"start":{"line":93,"column":22},"end":{"line":97,"column":7}},"37":{"start":{"line":98,"column":21},"end":{"line":98,"column":23}},"38":{"start":{"line":100,"column":6},"end":{"line":103,"column":7}},"39":{"start":{"line":101,"column":8},"end":{"line":101,"column":44}},"40":{"start":{"line":102,"column":8},"end":{"line":102,"column":31}},"41":{"start":{"line":105,"column":6},"end":{"line":108,"column":7}},"42":{"start":{"line":106,"column":8},"end":{"line":106,"column":70}},"43":{"start":{"line":107,"column":8},"end":{"line":107,"column":50}},"44":{"start":{"line":110,"column":28},"end":{"line":110,"column":91}},"45":{"start":{"line":112,"column":22},"end":{"line":117,"column":7}},"46":{"start":{"line":119,"column":6},"end":{"line":127,"column":9}},"47":{"start":{"line":129,"column":6},"end":{"line":129,"column":47}},"48":{"start":{"line":130,"column":6},"end":{"line":130,"column":54}},"49":{"start":{"line":136,"column":0},"end":{"line":208,"column":2}},"50":{"start":{"line":140,"column":4},"end":{"line":150,"column":7}},"51":{"start":{"line":141,"column":6},"end":{"line":148,"column":7}},"52":{"start":{"line":142,"column":8},"end":{"line":144,"column":9}},"53":{"start":{"line":143,"column":10},"end":{"line":143,"column":89}},"54":{"start":{"line":145,"column":8},"end":{"line":145,"column":60}},"55":{"start":{"line":146,"column":13},"end":{"line":148,"column":7}},"56":{"start":{"line":147,"column":8},"end":{"line":147,"column":60}},"57":{"start":{"line":149,"column":6},"end":{"line":149,"column":13}},"58":{"start":{"line":153,"column":4},"end":{"line":206,"column":5}},"59":{"start":{"line":154,"column":6},"end":{"line":156,"column":7}},"60":{"start":{"line":155,"column":8},"end":{"line":155,"column":90}},"61":{"start":{"line":158,"column":19},"end":{"line":158,"column":27}},"62":{"start":{"line":159,"column":18},"end":{"line":159,"column":63}},"63":{"start":{"line":162,"column":21},"end":{"line":162,"column":28}},"64":{"start":{"line":163,"column":6},"end":{"line":163,"column":48}},"65":{"start":{"line":163,"column":26},"end":{"line":163,"column":48}},"66":{"start":{"line":165,"column":23},"end":{"line":165,"column":50}},"67":{"start":{"line":167,"column":23},"end":{"line":179,"column":7}},"68":{"start":{"line":181,"column":6},"end":{"line":185,"column":9}},"69":{"start":{"line":187,"column":6},"end":{"line":198,"column":9}},"70":{"start":{"line":201,"column":6},"end":{"line":203,"column":7}},"71":{"start":{"line":202,"column":8},"end":{"line":202,"column":43}},"72":{"start":{"line":204,"column":6},"end":{"line":204,"column":44}},"73":{"start":{"line":205,"column":6},"end":{"line":205,"column":54}},"74":{"start":{"line":211,"column":0},"end":{"line":256,"column":2}},"75":{"start":{"line":216,"column":4},"end":{"line":254,"column":5}},"76":{"start":{"line":217,"column":21},"end":{"line":217,"column":42}},"77":{"start":{"line":218,"column":6},"end":{"line":220,"column":7}},"78":{"start":{"line":219,"column":8},"end":{"line":219,"column":64}},"79":{"start":{"line":222,"column":22},"end":{"line":222,"column":35}},"80":{"start":{"line":224,"column":21},"end":{"line":227,"column":7}},"81":{"start":{"line":229,"column":6},"end":{"line":231,"column":7}},"82":{"start":{"line":230,"column":8},"end":{"line":230,"column":71}},"83":{"start":{"line":233,"column":21},"end":{"line":233,"column":28}},"84":{"start":{"line":236,"column":6},"end":{"line":236,"column":66}},"85":{"start":{"line":239,"column":6},"end":{"line":246,"column":7}},"86":{"start":{"line":240,"column":29},"end":{"line":240,"column":73}},"87":{"start":{"line":241,"column":8},"end":{"line":245,"column":11}},"88":{"start":{"line":242,"column":10},"end":{"line":244,"column":11}},"89":{"start":{"line":243,"column":12},"end":{"line":243,"column":75}},"90":{"start":{"line":248,"column":6},"end":{"line":248,"column":76}},"91":{"start":{"line":250,"column":6},"end":{"line":250,"column":63}},"92":{"start":{"line":252,"column":6},"end":{"line":252,"column":50}},"93":{"start":{"line":253,"column":6},"end":{"line":253,"column":54}},"94":{"start":{"line":259,"column":0},"end":{"line":259,"column":24}},"95":{"start":{"line":260,"column":0},"end":{"line":260,"column":31}}},"fnMap":{"0":{"name":"(anonymous_0)","decl":{"start":{"line":32,"column":15},"end":{"line":32,"column":16}},"loc":{"start":{"line":32,"column":36},"end":{"line":34,"column":3}},"line":32},"1":{"name":"(anonymous_1)","decl":{"start":{"line":35,"column":12},"end":{"line":35,"column":13}},"loc":{"start":{"line":35,"column":32},"end":{"line":38,"column":3}},"line":35},"2":{"name":"(anonymous_2)","decl":{"start":{"line":41,"column":19},"end":{"line":41,"column":20}},"loc":{"start":{"line":41,"column":39},"end":{"line":48,"column":1}},"line":41},"3":{"name":"(anonymous_3)","decl":{"start":{"line":57,"column":20},"end":{"line":57,"column":21}},"loc":{"start":{"line":57,"column":78},"end":{"line":69,"column":1}},"line":57},"4":{"name":"(anonymous_4)","decl":{"start":{"line":81,"column":2},"end":{"line":81,"column":3}},"loc":{"start":{"line":81,"column":22},"end":{"line":132,"column":3}},"line":81},"5":{"name":"(anonymous_5)","decl":{"start":{"line":139,"column":2},"end":{"line":139,"column":3}},"loc":{"start":{"line":139,"column":22},"end":{"line":151,"column":3}},"line":139},"6":{"name":"(anonymous_6)","decl":{"start":{"line":140,"column":36},"end":{"line":140,"column":37}},"loc":{"start":{"line":140,"column":45},"end":{"line":150,"column":5}},"line":140},"7":{"name":"(anonymous_7)","decl":{"start":{"line":152,"column":2},"end":{"line":152,"column":3}},"loc":{"start":{"line":152,"column":22},"end":{"line":207,"column":3}},"line":152},"8":{"name":"(anonymous_8)","decl":{"start":{"line":202,"column":33},"end":{"line":202,"column":34}},"loc":{"start":{"line":202,"column":39},"end":{"line":202,"column":41}},"line":202},"9":{"name":"(anonymous_9)","decl":{"start":{"line":215,"column":2},"end":{"line":215,"column":3}},"loc":{"start":{"line":215,"column":22},"end":{"line":255,"column":3}},"line":215},"10":{"name":"(anonymous_10)","decl":{"start":{"line":241,"column":32},"end":{"line":241,"column":33}},"loc":{"start":{"line":241,"column":41},"end":{"line":245,"column":9}},"line":241}},"branchMap":{"0":{"loc":{"start":{"line":26,"column":0},"end":{"line":28,"column":1}},"type":"if","locations":[{"start":{"line":26,"column":0},"end":{"line":28,"column":1}},{"start":{},"end":{}}],"line":26},"1":{"loc":{"start":{"line":43,"column":2},"end":{"line":47,"column":3}},"type":"if","locations":[{"start":{"line":43,"column":2},"end":{"line":47,"column":3}},{"start":{"line":45,"column":9},"end":{"line":47,"column":3}}],"line":43},"2":{"loc":{"start":{"line":43,"column":6},"end":{"line":43,"column":84}},"type":"binary-expr","locations":[{"start":{"line":43,"column":6},"end":{"line":43,"column":48}},{"start":{"line":43,"column":52},"end":{"line":43,"column":84}}],"line":43},"3":{"loc":{"start":{"line":64,"column":6},"end":{"line":64,"column":22}},"type":"binary-expr","locations":[{"start":{"line":64,"column":6},"end":{"line":64,"column":14}},{"start":{"line":64,"column":18},"end":{"line":64,"column":22}}],"line":64},"4":{"loc":{"start":{"line":65,"column":6},"end":{"line":65,"column":50}},"type":"cond-expr","locations":[{"start":{"line":65,"column":18},"end":{"line":65,"column":43}},{"start":{"line":65,"column":46},"end":{"line":65,"column":50}}],"line":65},"5":{"loc":{"start":{"line":66,"column":6},"end":{"line":66,"column":50}},"type":"cond-expr","locations":[{"start":{"line":66,"column":18},"end":{"line":66,"column":43}},{"start":{"line":66,"column":46},"end":{"line":66,"column":50}}],"line":66},"6":{"loc":{"start":{"line":84,"column":6},"end":{"line":86,"column":7}},"type":"if","locations":[{"start":{"line":84,"column":6},"end":{"line":86,"column":7}},{"start":{},"end":{}}],"line":84},"7":{"loc":{"start":{"line":88,"column":19},"end":{"line":88,"column":48}},"type":"binary-expr","locations":[{"start":{"line":88,"column":19},"end":{"line":88,"column":43}},{"start":{"line":88,"column":47},"end":{"line":88,"column":48}}],"line":88},"8":{"loc":{"start":{"line":89,"column":20},"end":{"line":89,"column":51}},"type":"binary-expr","locations":[{"start":{"line":89,"column":20},"end":{"line":89,"column":45}},{"start":{"line":89,"column":49},"end":{"line":89,"column":51}}],"line":89},"9":{"loc":{"start":{"line":100,"column":6},"end":{"line":103,"column":7}},"type":"if","locations":[{"start":{"line":100,"column":6},"end":{"line":103,"column":7}},{"start":{},"end":{}}],"line":100},"10":{"loc":{"start":{"line":105,"column":6},"end":{"line":108,"column":7}},"type":"if","locations":[{"start":{"line":105,"column":6},"end":{"line":108,"column":7}},{"start":{},"end":{}}],"line":105},"11":{"loc":{"start":{"line":141,"column":6},"end":{"line":148,"column":7}},"type":"if","locations":[{"start":{"line":141,"column":6},"end":{"line":148,"column":7}},{"start":{"line":146,"column":13},"end":{"line":148,"column":7}}],"line":141},"12":{"loc":{"start":{"line":142,"column":8},"end":{"line":144,"column":9}},"type":"if","locations":[{"start":{"line":142,"column":8},"end":{"line":144,"column":9}},{"start":{},"end":{}}],"line":142},"13":{"loc":{"start":{"line":146,"column":13},"end":{"line":148,"column":7}},"type":"if","locations":[{"start":{"line":146,"column":13},"end":{"line":148,"column":7}},{"start":{},"end":{}}],"line":146},"14":{"loc":{"start":{"line":154,"column":6},"end":{"line":156,"column":7}},"type":"if","locations":[{"start":{"line":154,"column":6},"end":{"line":156,"column":7}},{"start":{},"end":{}}],"line":154},"15":{"loc":{"start":{"line":163,"column":6},"end":{"line":163,"column":48}},"type":"if","locations":[{"start":{"line":163,"column":6},"end":{"line":163,"column":48}},{"start":{},"end":{}}],"line":163},"16":{"loc":{"start":{"line":177,"column":10},"end":{"line":177,"column":35}},"type":"binary-expr","locations":[{"start":{"line":177,"column":10},"end":{"line":177,"column":27}},{"start":{"line":177,"column":31},"end":{"line":177,"column":35}}],"line":177},"17":{"loc":{"start":{"line":201,"column":6},"end":{"line":203,"column":7}},"type":"if","locations":[{"start":{"line":201,"column":6},"end":{"line":203,"column":7}},{"start":{},"end":{}}],"line":201},"18":{"loc":{"start":{"line":218,"column":6},"end":{"line":220,"column":7}},"type":"if","locations":[{"start":{"line":218,"column":6},"end":{"line":220,"column":7}},{"start":{},"end":{}}],"line":218},"19":{"loc":{"start":{"line":229,"column":6},"end":{"line":231,"column":7}},"type":"if","locations":[{"start":{"line":229,"column":6},"end":{"line":231,"column":7}},{"start":{},"end":{}}],"line":229},"20":{"loc":{"start":{"line":239,"column":6},"end":{"line":246,"column":7}},"type":"if","locations":[{"start":{"line":239,"column":6},"end":{"line":246,"column":7}},{"start":{},"end":{}}],"line":239},"21":{"loc":{"start":{"line":242,"column":10},"end":{"line":244,"column":11}},"type":"if","locations":[{"start":{"line":242,"column":10},"end":{"line":244,"column":11}},{"start":{},"end":{}}],"line":242},"22":{"loc":{"start":{"line":242,"column":14},"end":{"line":242,"column":42}},"type":"binary-expr","locations":[{"start":{"line":242,"column":14},"end":{"line":242,"column":17}},{"start":{"line":242,"column":21},"end":{"line":242,"column":42}}],"line":242}},"s":{"0":6,"1":6,"2":6,"3":6,"4":6,"5":6,"6":6,"7":6,"8":6,"9":6,"10":6,"11":6,"12":6,"13":6,"14":0,"15":6,"16":0,"17":0,"18":0,"19":6,"20":0,"21":0,"22":0,"23":0,"24":6,"25":6,"26":0,"27":6,"28":0,"29":0,"30":0,"31":0,"32":0,"33":0,"34":0,"35":0,"36":0,"37":0,"38":0,"39":0,"40":0,"41":0,"42":0,"43":0,"44":0,"45":0,"46":0,"47":0,"48":0,"49":6,"50":0,"51":0,"52":0,"53":0,"54":0,"55":0,"56":0,"57":0,"58":0,"59":0,"60":0,"61":0,"62":0,"63":0,"64":0,"65":0,"66":0,"67":0,"68":0,"69":0,"7
[...]
olumn":50}},"type":"cond-expr","locations":[{"start":{"line":17,"column":18},"end":{"line":17,"column":43}},{"start":{"line":17,"column":46},"end":{"line":17,"column":50}}],"line":17},"2":{"loc":{"start":{"line":18,"column":6},"end":{"line":18,"column":50}},"type":"cond-expr","locations":[{"start":{"line":18,"column":18},"end":{"line":18,"column":43}},{"start":{"line":18,"column":46},"end":{"line":18,"column":50}}],"line":18},"3":{"loc":{"start":{"line":29,"column":4},"end":{"line":44,"column":5}},"type":"if","locations":[{"start":{"line":29,"column":4},"end":{"line":44,"column":5}},{"start":{},"end":{}}],"line":29},"4":{"loc":{"start":{"line":38,"column":8},"end":{"line":40,"column":9}},"type":"if","locations":[{"start":{"line":38,"column":8},"end":{"line":40,"column":9}},{"start":{},"end":{}}],"line":38},"5":{"loc":{"start":{"line":38,"column":12},"end":{"line":38,"column":57}},"type":"binary-expr","locations":[{"start":{"line":38,"column":12},"end":{"line":38,"column":28}},{"start":{"line":38,"column":32},"end":{"line":38,"column":57}}],"line":38},"6":{"loc":{"start":{"line":49,"column":4},"end":{"line":51,"column":5}},"type":"if","locations":[{"start":{"line":49,"column":4},"end":{"line":51,"column":5}},{"start":{},"end":{}}],"line":49},"7":{"loc":{"start":{"line":60,"column":21},"end":{"line":60,"column":162}},"type":"cond-expr","locations":[{"start":{"line":60,"column":49},"end":{"line":60,"column":144}},{"start":{"line":60,"column":147},"end":{"line":60,"column":162}}],"line":60},"8":{"loc":{"start":{"line":80,"column":6},"end":{"line":82,"column":7}},"type":"if","locations":[{"start":{"line":80,"column":6},"end":{"line":82,"column":7}},{"start":{},"end":{}}],"line":80},"9":{"loc":{"start":{"line":87,"column":6},"end":{"line":99,"column":7}},"type":"if","locations":[{"start":{"line":87,"column":6},"end":{"line":99,"column":7}},{"start":{},"end":{}}],"line":87},"10":{"loc":{"start":{"line":89,"column":8},"end":{"line":91,"column":9}},"type":"if","locations":[{"start":{"line":89,"column":8},"end":{"line":91,"column":9}},{"start":{},"end":{}}],"line":89},"11":{"loc":{"start":{"line":101,"column":6},"end":{"line":103,"column":7}},"type":"if","locations":[{"start":{"line":101,"column":6},"end":{"line":103,"column":7}},{"start":{},"end":{}}],"line":101},"12":{"loc":{"start":{"line":126,"column":6},"end":{"line":128,"column":7}},"type":"if","locations":[{"start":{"line":126,"column":6},"end":{"line":128,"column":7}},{"start":{},"end":{}}],"line":126},"13":{"loc":{"start":{"line":140,"column":8},"end":{"line":143,"column":9}},"type":"if","locations":[{"start":{"line":140,"column":8},"end":{"line":143,"column":9}},{"start":{},"end":{}}],"line":140},"14":{"loc":{"start":{"line":147,"column":25},"end":{"line":147,"column":105}},"type":"cond-expr","locations":[{"start":{"line":147,"column":58},"end":{"line":147,"column":84}},{"start":{"line":147,"column":87},"end":{"line":147,"column":105}}],"line":147},"15":{"loc":{"start":{"line":197,"column":6},"end":{"line":199,"column":7}},"type":"if","locations":[{"start":{"line":197,"column":6},"end":{"line":199,"column":7}},{"start":{},"end":{}}],"line":197},"16":{"loc":{"start":{"line":217,"column":6},"end":{"line":219,"column":7}},"type":"if","locations":[{"start":{"line":217,"column":6},"end":{"line":219,"column":7}},{"start":{},"end":{}}],"line":217},"17":{"loc":{"start":{"line":221,"column":27},"end":{"line":223,"column":31}},"type":"cond-expr","locations":[{"start":{"line":222,"column":10},"end":{"line":222,"column":39}},{"start":{"line":223,"column":10},"end":{"line":223,"column":31}}],"line":221},"18":{"loc":{"start":{"line":232,"column":10},"end":{"line":232,"column":32}},"type":"binary-expr","locations":[{"start":{"line":232,"column":10},"end":{"line":232,"column":22}},{"start":{"line":232,"column":26},"end":{"line":232,"column":32}}],"line":232},"19":{"loc":{"start":{"line":233,"column":10},"end":{"line":233,"column":31}},"type":"binary-expr","locations":[{"start":{"line":233,"column":10},"end":{"line":233,"column":23}},{"start":{"line":233,"column":27},"end":{"line":233,"column":31}}],"line":233},"20":{"loc":{"start":{"line":234,"column":10},"end":{"line":234,"column":23}},"type":"binary-expr","locations":[{"start":{"line":234,"column":10},"end":{"line":234,"column":15}},{"start":{"line":234,"column":19},"end":{"line":234,"column":23}}],"line":234},"21":{"loc":{"start":{"line":235,"column":10},"end":{"line":235,"column":29}},"type":"binary-expr","locations":[{"start":{"line":235,"column":10},"end":{"line":235,"column":21}},{"start":{"line":235,"column":25},"end":{"line":235,"column":29}}],"line":235},"22":{"loc":{"start":{"line":236,"column":10},"end":{"line":236,"column":51}},"type":"cond-expr","locations":[{"start":{"line":236,"column":34},"end":{"line":236,"column":47}},{"start":{"line":236,"column":50},"end":{"line":236,"column":51}}],"line":236},"23":{"loc":{"start":{"line":237,"column":10},"end":{"line":237,"column":47}},"type":"cond-expr","locations":[{"start":{"line":237,"column":30},"end":{"line":237,"column":39}},{"start":{"line":237,"column":42},"end":{"line":237,"column":47}}],"line":237},"24":{"loc":{"start":{"line":255,"column":6},"end":{"line":257,"column":7}},"type":"if","locations":[{"start":{"line":255,"column":6},"end":{"line":257,"column":7}},{"start":{},"end":{}}],"line":255}},"s":{"0":6,"1":6,"2":6,"3":6,"4":6,"5":6,"6":6,"7":2,"8":6,"9":4,"10":4,"11":4,"12":4,"13":1,"14":1,"15":1,"16":1,"17":1,"18":1,"19":1,"20":4,"21":4,"22":4,"23":3,"24":4,"25":4,"26":4,"27":72,"28":4,"29":4,"30":0,"31":4,"32":0,"33":0,"34":6,"35":2,"36":2,"37":2,"38":1,"39":1,"40":1,"41":0,"42":0,"43":0,"44":0,"45":0,"46":0,"47":0,"48":0,"49":1,"50":0,"51":0,"52":1,"53":0,"54":0,"55":6,"56":2,"57":2,"58":2,"59":0,"60":2,"61":2,"62":2,"63":2,"64":2,"65":2,"66":1,"67":1,"68":1,"69":1,"70":1,"71":1,"72":1,"73":1,"74":2,"75":0,"76":0,"77":6,"78":2,"79":2,"80":2,"81":0,"82":2,"83":2,"84":2,"85":1,"86":1,"87":1,"88":1,"89":1,"90":0,"91":0,"92":0,"93":0,"94":6},"f":{"0":2,"1":4,"2":72,"3":4,"4":2,"5":2,"6":2},"b":{"0":[2,0],"1":[1,1],"2":[2,0],"3":[1,3],"4":[1,0],"5":[1,1],"6":[3,1],"7":[4,68],"8":[1,1],"9":[0,1],"10":[0,0],"11":[0,1],"12":[0,2],"13":[1,1],"14":[0,1],"15":[0,2],"16":[1,1],"17":[0,1],"18":[1,0],"19":[1,0],"20":[1,0],"21":[1,1],"22":[0,1],"23":[0,1],"24":[0,0]},"_coverageSchema":"1a1c01bbd47fc00a2c39e90264f33305004495a9","hash":"f407eac52358ecf9219e2768a6d00414fc03f054"}
,"/Users/azzura/development/cafe-backend/routes/users.js": {"path":"/Users/azzura/development/cafe-backend/routes/users.js","statementMap":{"0":{"start":{"line":1,"column":16},"end":{"line":1,"column":34}},"1":{"start":{"line":2,"column":15},"end":{"line":2,"column":31}},"2":{"start":{"line":3,"column":49},"end":{"line":3,"column":77}},"3":{"start":{"line":4,"column":11},"end":{"line":4,"column":40}},"4":{"start":{"line":5,"column":36},"end":{"line":5,"column":65}},"5":{"start":{"line":6,"column":26},"end":{"line":6,"column":59}},"6":{"start":{"line":9,"column":20},"end":{"line":21,"column":1}},"7":{"start":{"line":10,"column":2},"end":{"line":20,"column":4}},"8":{"start":{"line":24,"column":0},"end":{"line":85,"column":2}},"9":{"start":{"line":35,"column":4},"end":{"line":83,"column":5}},"10":{"start":{"line":36,"column":21},"end":{"line":36,"column":42}},"11":{"start":{"line":37,"column":6},"end":{"line":39,"column":7}},"12":{"start":{"line":38,"column":8},"end":{"line":38,"column":64}},"13":{"start":{"line":41,"column":19},"end":{"line":41,"column":48}},"14":{"start":{"line":42,"column":20},"end":{"line":42,"column":51}},"15":{"start":{"line":43,"column":21},"end":{"line":43,"column":39}},"16":{"start":{"line":44,"column":39},"end":{"line":44,"column":48}},"17":{"start":{"line":46,"column":22},"end":{"line":46,"column":44}},"18":{"start":{"line":47,"column":21},"end":{"line":47,"column":23}},"19":{"start":{"line":49,"column":6},"end":{"line":52,"column":7}},"20":{"start":{"line":50,"column":8},"end":{"line":50,"column":37}},"21":{"start":{"line":51,"column":8},"end":{"line":51,"column":26}},"22":{"start":{"line":54,"column":6},"end":{"line":57,"column":7}},"23":{"start":{"line":55,"column":8},"end":{"line":55,"column":39}},"24":{"start":{"line":56,"column":8},"end":{"line":56,"column":28}},"25":{"start":{"line":59,"column":6},"end":{"line":62,"column":7}},"26":{"start":{"line":60,"column":8},"end":{"line":60,"column":74}},"27":{"start":{"line":61,"column":8},"end":{"line":61,"column":65}},"28":{"start":{"line":64,"column":28},"end":{"line":64,"column":91}},"29":{"start":{"line":66,"column":22},"end":{"line":69,"column":7}},"30":{"start":{"line":71,"column":6},"end":{"line":79,"column":9}},"31":{"start":{"line":81,"column":6},"end":{"line":81,"column":47}},"32":{"start":{"line":82,"column":6},"end":{"line":82,"column":54}},"33":{"start":{"line":88,"column":0},"end":{"line":121,"column":3}},"34":{"start":{"line":89,"column":2},"end":{"line":120,"column":3}},"35":{"start":{"line":90,"column":17},"end":{"line":90,"column":46}},"36":{"start":{"line":91,"column":18},"end":{"line":91,"column":49}},"37":{"start":{"line":92,"column":19},"end":{"line":92,"column":37}},"38":{"start":{"line":94,"column":26},"end":{"line":97,"column":5}},"39":{"start":{"line":99,"column":19},"end":{"line":106,"column":5}},"40":{"start":{"line":108,"column":4},"end":{"line":116,"column":7}},"41":{"start":{"line":118,"column":4},"end":{"line":118,"column":48}},"42":{"start":{"line":119,"column":4},"end":{"line":119,"column":52}},"43":{"start":{"line":124,"column":0},"end":{"line":156,"column":2}},"44":{"start":{"line":129,"column":4},"end":{"line":154,"column":5}},"45":{"start":{"line":130,"column":21},"end":{"line":130,"column":42}},"46":{"start":{"line":131,"column":6},"end":{"line":133,"column":7}},"47":{"start":{"line":132,"column":8},"end":{"line":132,"column":64}},"48":{"start":{"line":135,"column":22},"end":{"line":138,"column":7}},"49":{"start":{"line":140,"column":6},"end":{"line":142,"column":7}},"50":{"start":{"line":141,"column":8},"end":{"line":141,"column":65}},"51":{"start":{"line":145,"column":31},"end":{"line":148,"column":7}},"52":{"start":{"line":150,"column":6},"end":{"line":150,"column":68}},"53":{"start":{"line":152,"column":6},"end":{"line":152,"column":46}},"54":{"start":{"line":153,"column":6},"end":{"line":153,"column":54}},"55":{"start":{"line":159,"column":0},"end":{"line":216,"column":2}},"56":{"start":{"line":172,"column":4},"end":{"line":214,"column":5}},"57":{"start":{"line":173,"column":21},"end":{"line":173,"column":42}},"58":{"start":{"line":174,"column":6},"end":{"line":176,"column":7}},"59":{"start":{"line":175,"column":8},"end":{"line":175,"column":64}},"60":{"start":{"line":178,"column":21},"end":{"line":178,"column":34}},"61":{"start":{"line":180,"column":25},"end":{"line":183,"column":7}},"62":{"start":{"line":185,"column":6},"end":{"line":187,"column":7}},"63":{"start":{"line":186,"column":8},"end":{"line":186,"column":65}},"64":{"start":{"line":189,"column":18},"end":{"line":189,"column":29}},"65":{"start":{"line":190,"column":28},"end":{"line":190,"column":73}},"66":{"start":{"line":191,"column":22},"end":{"line":191,"column":24}},"67":{"start":{"line":192,"column":21},"end":{"line":192,"column":23}},"68":{"start":{"line":194,"column":6},"end":{"line":199,"column":7}},"69":{"start":{"line":195,"column":8},"end":{"line":198,"column":9}},"70":{"start":{"line":196,"column":10},"end":{"line":196,"column":39}},"71":{"start":{"line":197,"column":10},"end":{"line":197,"column":71}},"72":{"start":{"line":201,"column":6},"end":{"line":203,"column":7}},"73":{"start":{"line":202,"column":8},"end":{"line":202,"column":70}},"74":{"start":{"line":205,"column":6},"end":{"line":205,"column":26}},"75":{"start":{"line":206,"column":6},"end":{"line":206,"column":84}},"76":{"start":{"line":208,"column":6},"end":{"line":208,"column":75}},"77":{"start":{"line":210,"column":6},"end":{"line":210,"column":57}},"78":{"start":{"line":212,"column":6},"end":{"line":212,"column":49}},"79":{"start":{"line":213,"column":6},"end":{"line":213,"column":54}},"80":{"start":{"line":219,"column":0},"end":{"line":255,"column":2}},"81":{"start":{"line":224,"column":4},"end":{"line":253,"column":5}},"82":{"start":{"line":225,"column":21},"end":{"line":225,"column":42}},"83":{"start":{"line":226,"column":6},"end":{"line":228,"column":7}},"84":{"start":{"line":227,"column":8},"end":{"line":227,"column":64}},"85":{"start":{"line":230,"column":21},"end":{"line":230,"column":34}},"86":{"start":{"line":232,"column":6},"end":{"line":234,"column":7}},"87":{"start":{"line":233,"column":8},"end":{"line":233,"column":85}},"88":{"start":{"line":236,"column":25},"end":{"line":239,"column":7}},"89":{"start":{"line":241,"column":6},"end":{"line":243,"column":7}},"90":{"start":{"line":242,"column":8},"end":{"line":242,"column":65}},"91":{"start":{"line":245,"column":6},"end":{"line":245,"column":65}},"92":{"start":{"line":247,"column":6},"end":{"line":247,"column":79}},"93":{"start":{"line":249,"column":6},"end":{"line":249,"column":57}},"94":{"start":{"line":251,"column":6},"end":{"line":251,"column":49}},"95":{"start":{"line":252,"column":6},"end":{"line":252,"column":54}},"96":{"start":{"line":257,"column":0},"end":{"line":257,"column":24}}},"fnMap":{"0":{"name":"(anonymous_0)","decl":{"start":{"line":9,"column":20},"end":{"line":9,"column":21}},"loc":{"start":{"line":9,"column":78},"end":{"line":21,"column":1}},"line":9},"1":{"name":"(anonymous_1)","decl":{"start":{"line":34,"column":2},"end":{"line":34,"column":3}},"loc":{"start":{"line":34,"column":22},"end":{"line":84,"column":3}},"line":34},"2":{"name":"(anonymous_2)","decl":{"start":{"line":88,"column":41},"end":{"line":88,"column":42}},"loc":{"start":{"line":88,"column":61},"end":{"line":121,"column":1}},"line":88},"3":{"name":"(anonymous_3)","decl":{"start":{"line":128,"column":2},"end":{"line":128,"column":3}},"loc":{"start":{"line":128,"column":22},"end":{"line":155,"column":3}},"line":128},"4":{"name":"(anonymous_4)","decl":{"start":{"line":171,"column":2},"end":{"line":171,"column":3}},"loc":{"start":{"line":171,"column":22},"end":{"line":215,"column":3}},"line":171},"5":{"name":"(anonymous_5)","decl":{"start":{"line":223,"column":2},"end":{"line":223,"column":3}},"loc":{"start":{"line":223,"column":22},"end":{"line":254,"column":3}},"line":223}},"branchMap":{"0":{"loc":{"start":{"line":16,"column":6},"end":{"line":16,"column":22}},"type":"binary-expr","locations":[{"start":{"line":16,"column":6},"end":{"line":16,"column":14}},{"start":{"line":16,"column":18},"end":{"line":16,"column":22}}],"line":16},"1":{"loc":{"start":{"line":17,"column":6},"end":{"line":17,"column":50}},"type":"cond-expr","locations":[{"start":{"line":17,"column":18},"end":{"line":17,"column":43}},{"start":{"line":17,"column":46},"end":{"line":17,"column":50}}],"line":17},"2":{"loc":{"start":{"line":18,"column":6},"end":{"line":18,"column":50}},"type":"cond-expr","locations":[{"start":{"line":18,"column":18},"end":{"line":18,"column":43}},{"start":{"line":18,"column":46},"end":{"line":18,"column":50}}],"line":18},"3":{"loc":{"start":{"line":37,"column":6},"end":{"line":39,"column":7}},"type":"if","locations":[{"start":{"line":37,"column":6},"end":{"line":39,"column":7}},{"start":{},"end":{}}],"line":37},"4":{"loc":{"start":{"line":41,"column":19},"end":{"line":41,"column":48}},"type":"binary-expr","locations":[{"start":{"line":41,"column":19},"end":{"line":41,"column":43}},{"start":{"line":41,"column":47},"end":{"line":41,"column":48}}],"line":41},"5":{"loc":{"start":{"line":42,"column":20},"end":{"line":42,"column":51}},"type":"binary-expr","locations":[{"start":{"line":42,"column":20},"end":{"line":42,"column":45}},{"start":{"line":42,"column":49},"end":{"line":42,"column":51}}],"line":42},"6":{"loc":{"start":{"line":49,"column":6},"end":{"line":52,"column":7}},"type":"if","locations":[{"start":{"line":49,"column":6},"end":{"line":52,"column":7}},{"start":{},"end":{}}],"line":49},"7":{"loc":{"start":{"line":54,"column":6},"end":{"line":57,"column":7}},"type":"if","locations":[{"start":{"line":54,"column":6},"end":{"line":57,"column":7}},{"start":{},"end":{}}],"line":54},"8":{"loc":{"start":{"line":59,"column":6},"end":{"line":62,"column":7}},"type":"if","locations":[{"start":{"line":59,"column":6},"end":{"line":62,"column":7}},{"start":{},"end":{}}],"line":59},"9":{"loc":{"start":{"line":90,"column":17},"end":{"line":90,"column":46}},"type":"binary-expr","locations":[{"start":{"line":90,"column":17},"end":{"line":90,"column":41}},{"start":{"line":90,"column":45},"end":{"line":90,"column":46}}],"line":90},"10":{"loc":{"start":{"line":91,"column":18},"end":{"line":91,"column":49}},"type":"binary-expr","locations":[{"start":{"line":91,"column":18},"end":{"line":91,"column":43}},{"start":{"line":91,"column":47},"end":{"line":91,"column":49}}],"line":91},"11":{"loc":{"start":{"line":131,"column":6},"end":{"line":133,"column":7}},"type":"if","locations":[{"start":{"line":131,"column":6},"end":{"line":133,"column":7}},{"start":{},"end":{}}],"line":131},"12":{"loc":{"start":{"line":140,"column":6},"end":{"line":142,"column":7}},"type":"if","locations":[{"start":{"line":140,"column":6},"end":{"line":142,"column":7}},{"start":{},"end":{}}],"line":140},"13":{"loc":{"start":{"line":174,"column":6},"end":{"line":176,"column":7}},"type":"if","locations":[{"start":{"line":174,"column":6},"end":{"line":176,"column":7}},{"start":{},"end":{}}],"line":174},"14":{"loc":{"start":{"line":185,"column":6},"end":{"line":187,"column":7}},"type":"if","locations":[{"start":{"line":185,"column":6},"end":{"line":187,"column":7}},{"start":{},"end":{}}],"line":185},"15":{"loc":{"start":{"line":195,"column":8},"end":{"line":198,"column":9}},"type":"if","locations":[{"start":{"line":195,"column":8},"end":{"line":198,"column":9}},{"start":{},"end":{}}],"line":195},"16":{"loc":{"start":{"line":197,"column":22},"end":{"line":197,"column":69}},"type":"cond-expr","locations":[{"start":{"line":197,"column":47},"end":{"line":197,"column":51}},{"start":{"line":197,"column":54},"end":{"line":197,"column":69}}],"line":197},"17":{"loc":{"start":{"line":201,"column":6},"end":{"line":203,"column":7}},"type":"if","locations":[{"start":{"line":201,"column":6},"end":{"line":203,"column":7}},{"start":{},"end":{}}],"line":201},"18":{"loc":{"start":{"line":226,"column":6},"end":{"line":228,"column":7}},"type":"if","locations":[{"start":{"line":226,"column":6},"end":{"line":228,"column":7}},{"start":{},"end":{}}],"line":226},"19":{"loc":{"start":{"line":232,"column":6},"end":{"line":234,"column":7}},"type":"if","locations":[{"start":{"line":232,"column":6},"end":{"line":234,"column":7}},{"start":{},"end":{}}],"line":232},"20":{"loc":{"start":{"line":241,"column":6},"end":{"line":243,"column":7}},"type":"if","locations":[{"start":{"line":241,"column":6},"end":{"line":243,"column":7}},{"start":{},"end":{}}],"line":241}},"s":{"0":6,"1":6,"2":6,"3":6,"4":6,"5":6,"6":6,"7":0,"8":6,"9":1,"10":1,"11":1,"12":0,"13":1,"14":1,"15":1,"16":1,"17":1,"18":1,"19":1,"20":0,"21":0,"22":1,"23":0,"24":0,"25":1,"26":0,"27":0,"28":1,"29":1,"30":1,"31":0,"32":0,"33":6,"34":0,"35":0,"36":0,"37":0,"38":0,"39":0,"40":0,"41":0,"42":0,"43":6,"44":0,"45":0,"46":0,"47":0,"48":0,"49":0,"50":0,"51":0,"52":0,"53":0,"54":0,"55":6,"56":0,"57":0,"58":0,"59":0,"60":0,"61":0,"62":0,"63":0,"64":0,"65":0,"66":0,"67":0,"68":0,"69":0,"70":0,"71":0,"72":0,"73":0,"74":0,"75":0,"76":0,"77":0,"78":0,"79":0,"80":6,"81":0,"82":0,"83":0,"84":0,"85":0,"86":0,"87":0,"88":0,"89":0,"90":0,"91":0,"92":0,"93":0,"94":0,"95":0,"96":6},"f":{"0":0,"1":1,"2":0,"3":0,"4":0,"5":0},"b":{"0":[0,0],"1":[0,0],"2":[0,0],"3":[0,1],"4":[1,1],"5":[1,1],"6":[0,1],"7":[0,1],"8":[0,1],"9":[0,0],"10":[0,0],"11":[0,0],"12":[0,0],"13":[0,0],"14":[0,0],"15":[0,0],"16":[0,0],"17":[0,0],"18":[0,0],"19":[0,0],"20":[0,0]},"_coverageSchema":"1a1c01bbd47fc00a2c39e90264f33305004495a9","hash":"90a96f3e959059f0232343c1da0b092afa463c03"}
}
