TN:
SF:middleware/auth.js
FN:5,(anonymous_0)
FN:36,(anonymous_1)
FN:37,(anonymous_2)
FN:54,(anonymous_3)
FN:85,(anonymous_4)
FN:105,(anonymous_5)
FNF:6
FNH:6
FNDA:42,(anonymous_0)
FNDA:120,(anonymous_1)
FNDA:18,(anonymous_2)
FNDA:24,(anonymous_3)
FNDA:6,(anonymous_4)
FNDA:11,(anonymous_5)
DA:1,6
DA:2,6
DA:5,6
DA:6,42
DA:7,42
DA:9,42
DA:10,9
DA:13,33
DA:16,30
DA:21,30
DA:22,0
DA:25,30
DA:26,30
DA:28,3
DA:29,0
DA:31,3
DA:36,6
DA:37,120
DA:38,18
DA:39,0
DA:42,18
DA:43,4
DA:49,14
DA:54,6
DA:55,24
DA:85,24
DA:86,6
DA:87,6
DA:89,6
DA:90,0
DA:93,6
DA:94,1
DA:100,5
DA:105,6
DA:106,11
DA:107,11
DA:109,11
DA:110,1
DA:111,1
DA:116,1
DA:117,1
DA:120,11
DA:123,0
DA:127,6
LF:44
LH:39
BRDA:9,0,0,9
BRDA:9,0,1,33
BRDA:21,1,0,0
BRDA:21,1,1,30
BRDA:28,2,0,0
BRDA:28,2,1,3
BRDA:38,3,0,0
BRDA:38,3,1,18
BRDA:42,4,0,4
BRDA:42,4,1,14
BRDA:86,5,0,6
BRDA:86,5,1,0
BRDA:89,6,0,0
BRDA:89,6,1,6
BRDA:89,7,0,6
BRDA:89,7,1,6
BRDA:93,8,0,1
BRDA:93,8,1,5
BRDA:109,9,0,1
BRDA:109,9,1,10
BRDA:116,10,0,1
BRDA:116,10,1,0
BRF:22
BRH:16
end_of_record
TN:
SF:middleware/security.js
FN:42,(anonymous_0)
FN:46,(anonymous_1)
FN:68,(anonymous_2)
FN:75,(anonymous_3)
FN:85,(anonymous_4)
FN:86,(anonymous_5)
FN:107,(anonymous_6)
FN:113,(anonymous_7)
FN:124,(anonymous_8)
FNF:9
FNH:4
FNDA:93,(anonymous_0)
FNDA:0,(anonymous_1)
FNDA:93,(anonymous_2)
FNDA:0,(anonymous_3)
FNDA:130,(anonymous_4)
FNDA:377,(anonymous_5)
FNDA:0,(anonymous_6)
FNDA:0,(anonymous_7)
FNDA:0,(anonymous_8)
DA:1,6
DA:2,6
DA:3,6
DA:6,6
DA:23,6
DA:32,6
DA:40,6
DA:42,6
DA:43,93
DA:46,6
DA:48,0
DA:49,0
DA:52,0
DA:53,0
DA:55,0
DA:56,0
DA:59,0
DA:61,0
DA:62,0
DA:65,0
DA:68,6
DA:69,93
DA:70,93
DA:72,93
DA:75,93
DA:76,0
DA:79,93
DA:80,93
DA:81,93
DA:85,6
DA:86,130
DA:87,377
DA:88,291
DA:90,229
DA:93,62
DA:94,24
DA:99,130
DA:100,130
DA:101,130
DA:103,130
DA:107,6
DA:108,0
DA:113,0
DA:114,0
DA:115,0
DA:116,0
DA:117,0
DA:121,0
DA:124,0
DA:125,0
DA:126,0
DA:127,0
DA:130,0
DA:133,0
DA:134,0
DA:137,0
DA:140,6
LF:57
LH:31
BRDA:48,0,0,0
BRDA:48,0,1,0
BRDA:52,1,0,0
BRDA:52,1,1,0
BRDA:53,2,0,0
BRDA:53,2,1,0
BRDA:55,3,0,0
BRDA:55,3,1,0
BRDA:55,4,0,0
BRDA:55,4,1,0
BRDA:61,5,0,0
BRDA:61,5,1,0
BRDA:61,6,0,0
BRDA:61,6,1,0
BRDA:69,7,0,93
BRDA:69,7,1,0
BRDA:69,7,2,0
BRDA:88,8,0,229
BRDA:88,8,1,62
BRDA:93,9,0,24
BRDA:93,9,1,38
BRDA:93,10,0,62
BRDA:93,10,1,24
BRDA:99,11,0,93
BRDA:99,11,1,37
BRDA:100,12,0,130
BRDA:100,12,1,0
BRDA:101,13,0,130
BRDA:101,13,1,0
BRDA:114,14,0,0
BRDA:114,14,1,0
BRDA:116,15,0,0
BRDA:116,15,1,0
BRDA:126,16,0,0
BRDA:126,16,1,0
BRDA:126,17,0,0
BRDA:126,17,1,0
BRDA:126,17,2,0
BRDA:133,18,0,0
BRDA:133,18,1,0
BRDA:133,19,0,0
BRDA:133,19,1,0
BRDA:133,19,2,0
BRF:43
BRH:11
end_of_record
TN:
SF:routes/auth.js
FN:11,(anonymous_0)
FN:29,(anonymous_1)
FN:88,(anonymous_2)
FN:148,(anonymous_3)
FN:160,(anonymous_4)
FN:205,(anonymous_5)
FNF:6
FNH:6
FNDA:10,(anonymous_0)
FNDA:2,(anonymous_1)
FNDA:18,(anonymous_2)
FNDA:1,(anonymous_3)
FNDA:2,(anonymous_4)
FNDA:1,(anonymous_5)
DA:1,6
DA:2,6
DA:3,6
DA:4,6
DA:5,6
DA:6,6
DA:7,6
DA:8,6
DA:11,6
DA:12,10
DA:20,6
DA:30,2
DA:31,2
DA:32,2
DA:33,0
DA:37,2
DA:38,0
DA:41,2
DA:44,2
DA:45,2
DA:46,1
DA:50,1
DA:53,1
DA:59,1
DA:64,1
DA:74,0
DA:75,0
DA:81,6
DA:89,18
DA:90,18
DA:91,18
DA:92,7
DA:95,11
DA:98,11
DA:103,11
DA:104,0
DA:107,11
DA:110,11
DA:111,0
DA:115,11
DA:116,11
DA:117,1
DA:121,10
DA:124,10
DA:129,10
DA:141,0
DA:142,0
DA:148,6
DA:149,1
DA:153,6
DA:161,2
DA:162,2
DA:163,2
DA:164,0
DA:167,2
DA:170,2
DA:176,2
DA:177,2
DA:178,1
DA:182,1
DA:185,1
DA:191,1
DA:196,1
DA:198,0
DA:199,0
DA:205,6
DA:206,1
DA:208,1
DA:213,1
DA:215,0
DA:216,0
DA:220,6
LF:72
LH:59
BRDA:15,0,0,10
BRDA:15,0,1,0
BRDA:32,1,0,0
BRDA:32,1,1,2
BRDA:37,2,0,0
BRDA:37,2,1,2
BRDA:45,3,0,1
BRDA:45,3,1,1
BRDA:55,4,0,1
BRDA:55,4,1,1
BRDA:91,5,0,7
BRDA:91,5,1,11
BRDA:103,6,0,0
BRDA:103,6,1,11
BRDA:110,7,0,0
BRDA:110,7,1,11
BRDA:116,8,0,1
BRDA:116,8,1,10
BRDA:163,9,0,0
BRDA:163,9,1,2
BRDA:177,10,0,1
BRDA:177,10,1,1
BRF:22
BRH:16
end_of_record
TN:
SF:routes/bookings.js
FN:9,(anonymous_0)
FN:33,(anonymous_1)
FN:104,(anonymous_2)
FN:154,(anonymous_3)
FN:215,(anonymous_4)
FN:268,(anonymous_5)
FNF:6
FNH:2
FNDA:1,(anonymous_0)
FNDA:0,(anonymous_1)
FNDA:0,(anonymous_2)
FNDA:2,(anonymous_3)
FNDA:0,(anonymous_4)
FNDA:0,(anonymous_5)
DA:1,6
DA:2,6
DA:3,6
DA:4,6
DA:5,6
DA:6,6
DA:9,6
DA:10,1
DA:24,6
DA:34,0
DA:35,0
DA:36,0
DA:37,0
DA:40,0
DA:41,0
DA:42,0
DA:43,0
DA:45,0
DA:47,0
DA:48,0
DA:50,0
DA:52,0
DA:53,0
DA:55,0
DA:56,0
DA:59,0
DA:60,0
DA:61,0
DA:65,0
DA:66,0
DA:67,0
DA:70,0
DA:71,0
DA:72,0
DA:75,0
DA:77,0
DA:84,0
DA:94,0
DA:95,0
DA:101,6
DA:105,0
DA:106,0
DA:107,0
DA:108,0
DA:111,0
DA:118,0
DA:119,0
DA:122,0
DA:123,0
DA:126,0
DA:127,0
DA:128,0
DA:129,0
DA:133,0
DA:135,0
DA:136,0
DA:142,6
DA:155,2
DA:156,2
DA:157,2
DA:158,0
DA:161,2
DA:164,2
DA:169,2
DA:170,1
DA:175,1
DA:181,1
DA:182,1
DA:184,1
DA:197,0
DA:198,0
DA:204,6
DA:216,0
DA:217,0
DA:218,0
DA:219,0
DA:222,0
DA:223,0
DA:225,0
DA:230,0
DA:231,0
DA:234,0
DA:236,0
DA:237,0
DA:239,0
DA:240,0
DA:241,0
DA:244,0
DA:245,0
DA:247,0
DA:255,0
DA:257,0
DA:258,0
DA:264,6
DA:269,0
DA:270,0
DA:271,0
DA:272,0
DA:275,0
DA:277,0
DA:282,0
DA:283,0
DA:286,0
DA:288,0
DA:290,0
DA:292,0
DA:293,0
DA:298,6
LF:108
LH:25
BRDA:16,0,0,1
BRDA:16,0,1,0
BRDA:17,1,0,0
BRDA:17,1,1,1
BRDA:18,2,0,1
BRDA:18,2,1,0
BRDA:36,3,0,0
BRDA:36,3,1,0
BRDA:40,4,0,0
BRDA:40,4,1,0
BRDA:41,5,0,0
BRDA:41,5,1,0
BRDA:45,6,0,0
BRDA:45,6,1,0
BRDA:45,6,2,0
BRDA:50,7,0,0
BRDA:50,7,1,0
BRDA:52,8,0,0
BRDA:52,8,1,0
BRDA:59,9,0,0
BRDA:59,9,1,0
BRDA:65,10,0,0
BRDA:65,10,1,0
BRDA:70,11,0,0
BRDA:70,11,1,0
BRDA:107,12,0,0
BRDA:107,12,1,0
BRDA:118,13,0,0
BRDA:118,13,1,0
BRDA:123,14,0,0
BRDA:123,14,1,0
BRDA:123,14,2,0
BRDA:126,15,0,0
BRDA:126,15,1,0
BRDA:128,16,0,0
BRDA:128,16,1,0
BRDA:128,17,0,0
BRDA:128,17,1,0
BRDA:157,18,0,0
BRDA:157,18,1,2
BRDA:169,19,0,1
BRDA:169,19,1,1
BRDA:178,20,0,1
BRDA:178,20,1,1
BRDA:181,21,0,0
BRDA:181,21,1,1
BRDA:218,22,0,0
BRDA:218,22,1,0
BRDA:230,23,0,0
BRDA:230,23,1,0
BRDA:239,24,0,0
BRDA:239,24,1,0
BRDA:271,25,0,0
BRDA:271,25,1,0
BRDA:282,26,0,0
BRDA:282,26,1,0
BRF:56
BRH:9
end_of_record
TN:
SF:routes/categories.js
FN:9,(anonymous_0)
FN:18,(anonymous_1)
FN:33,(anonymous_2)
FN:48,(anonymous_3)
FN:91,(anonymous_4)
FN:136,(anonymous_5)
FN:200,(anonymous_6)
FN:271,(anonymous_7)
FNF:8
FNH:0
FNDA:0,(anonymous_0)
FNDA:0,(anonymous_1)
FNDA:0,(anonymous_2)
FNDA:0,(anonymous_3)
FNDA:0,(anonymous_4)
FNDA:0,(anonymous_5)
FNDA:0,(anonymous_6)
FNDA:0,(anonymous_7)
DA:1,6
DA:2,6
DA:3,6
DA:4,6
DA:5,6
DA:6,6
DA:9,6
DA:10,0
DA:18,6
DA:19,0
DA:20,0
DA:21,0
DA:22,0
DA:25,0
DA:26,0
DA:27,0
DA:28,0
DA:33,6
DA:34,0
DA:48,6
DA:49,0
DA:50,0
DA:52,0
DA:62,0
DA:64,0
DA:65,0
DA:66,0
DA:69,0
DA:70,0
DA:71,0
DA:73,0
DA:74,0
DA:78,0
DA:80,0
DA:81,0
DA:83,0
DA:84,0
DA:89,6
DA:92,0
DA:93,0
DA:94,0
DA:95,0
DA:98,0
DA:109,0
DA:110,0
DA:113,0
DA:115,0
DA:116,0
DA:122,6
DA:137,0
DA:138,0
DA:139,0
DA:140,0
DA:143,0
DA:146,0
DA:147,0
DA:148,0
DA:149,0
DA:153,0
DA:154,0
DA:156,0
DA:171,0
DA:173,0
DA:178,0
DA:179,0
DA:185,6
DA:201,0
DA:202,0
DA:203,0
DA:204,0
DA:207,0
DA:209,0
DA:210,0
DA:211,0
DA:214,0
DA:217,0
DA:218,0
DA:221,0
DA:222,0
DA:223,0
DA:224,0
DA:228,0
DA:229,0
DA:230,0
DA:232,0
DA:233,0
DA:234,0
DA:235,0
DA:240,0
DA:241,0
DA:244,0
DA:245,0
DA:246,0
DA:249,0
DA:250,0
DA:253,0
DA:254,0
DA:256,0
DA:258,0
DA:260,0
DA:261,0
DA:267,6
DA:272,0
DA:273,0
DA:274,0
DA:275,0
DA:278,0
DA:280,0
DA:281,0
DA:282,0
DA:286,0
DA:290,0
DA:291,0
DA:298,0
DA:302,0
DA:303,0
DA:309,0
DA:311,0
DA:313,0
DA:315,0
DA:316,0
DA:321,6
LF:122
LH:15
BRDA:18,0,0,0
BRDA:22,1,0,0
BRDA:22,1,1,0
BRDA:25,2,0,0
BRDA:25,2,1,0
BRDA:27,3,0,0
BRDA:27,3,1,0
BRDA:40,4,0,0
BRDA:40,4,1,0
BRDA:41,5,0,0
BRDA:41,5,1,0
BRDA:42,6,0,0
BRDA:42,6,1,0
BRDA:64,7,0,0
BRDA:64,7,1,0
BRDA:69,8,0,0
BRDA:69,8,1,0
BRDA:70,9,0,0
BRDA:70,9,1,0
BRDA:70,10,0,0
BRDA:70,10,1,0
BRDA:94,11,0,0
BRDA:94,11,1,0
BRDA:109,12,0,0
BRDA:109,12,1,0
BRDA:139,13,0,0
BRDA:139,13,1,0
BRDA:146,14,0,0
BRDA:146,14,1,0
BRDA:148,15,0,0
BRDA:148,15,1,0
BRDA:153,16,0,0
BRDA:153,16,1,0
BRDA:162,17,0,0
BRDA:162,17,1,0
BRDA:163,18,0,0
BRDA:163,18,1,0
BRDA:164,19,0,0
BRDA:164,19,1,0
BRDA:165,20,0,0
BRDA:165,20,1,0
BRDA:166,21,0,0
BRDA:166,21,1,0
BRDA:167,22,0,0
BRDA:167,22,1,0
BRDA:203,23,0,0
BRDA:203,23,1,0
BRDA:210,24,0,0
BRDA:210,24,1,0
BRDA:217,25,0,0
BRDA:217,25,1,0
BRDA:217,26,0,0
BRDA:217,26,1,0
BRDA:221,27,0,0
BRDA:221,27,1,0
BRDA:223,28,0,0
BRDA:223,28,1,0
BRDA:233,29,0,0
BRDA:233,29,1,0
BRDA:235,30,0,0
BRDA:235,30,1,0
BRDA:240,31,0,0
BRDA:240,31,1,0
BRDA:240,32,0,0
BRDA:240,32,1,0
BRDA:241,33,0,0
BRDA:241,33,1,0
BRDA:243,34,0,0
BRDA:243,34,1,0
BRDA:249,35,0,0
BRDA:249,35,1,0
BRDA:274,36,0,0
BRDA:274,36,1,0
BRDA:281,37,0,0
BRDA:281,37,1,0
BRDA:290,38,0,0
BRDA:290,38,1,0
BRDA:302,39,0,0
BRDA:302,39,1,0
BRF:79
BRH:0
end_of_record
TN:
SF:routes/dashboard.js
FN:10,(anonymous_0)
FNF:1
FNH:0
FNDA:0,(anonymous_0)
DA:1,6
DA:2,6
DA:3,6
DA:4,6
DA:7,6
DA:11,0
DA:12,0
DA:21,0
DA:77,0
DA:86,0
DA:87,0
DA:92,6
LF:12
LH:6
BRF:0
BRH:0
end_of_record
TN:
SF:routes/media.js
FN:32,(anonymous_0)
FN:35,(anonymous_1)
FN:41,(anonymous_2)
FN:57,(anonymous_3)
FN:81,(anonymous_4)
FN:139,(anonymous_5)
FN:140,(anonymous_6)
FN:152,(anonymous_7)
FN:202,(anonymous_8)
FN:215,(anonymous_9)
FN:241,(anonymous_10)
FNF:11
FNH:0
FNDA:0,(anonymous_0)
FNDA:0,(anonymous_1)
FNDA:0,(anonymous_2)
FNDA:0,(anonymous_3)
FNDA:0,(anonymous_4)
FNDA:0,(anonymous_5)
FNDA:0,(anonymous_6)
FNDA:0,(anonymous_7)
FNDA:0,(anonymous_8)
FNDA:0,(anonymous_9)
FNDA:0,(anonymous_10)
DA:1,6
DA:2,6
DA:3,6
DA:4,6
DA:5,6
DA:6,6
DA:7,6
DA:8,6
DA:9,6
DA:12,6
DA:20,6
DA:21,6
DA:23,6
DA:26,6
DA:27,0
DA:31,6
DA:33,0
DA:36,0
DA:37,0
DA:41,6
DA:42,0
DA:43,0
DA:44,0
DA:46,0
DA:50,6
DA:57,6
DA:58,0
DA:72,6
DA:82,0
DA:83,0
DA:84,0
DA:85,0
DA:88,0
DA:89,0
DA:90,0
DA:91,0
DA:93,0
DA:98,0
DA:100,0
DA:101,0
DA:102,0
DA:105,0
DA:106,0
DA:107,0
DA:110,0
DA:112,0
DA:119,0
DA:129,0
DA:130,0
DA:136,6
DA:140,0
DA:141,0
DA:142,0
DA:143,0
DA:145,0
DA:146,0
DA:147,0
DA:149,0
DA:153,0
DA:154,0
DA:155,0
DA:158,0
DA:159,0
DA:162,0
DA:163,0
DA:165,0
DA:167,0
DA:181,0
DA:187,0
DA:201,0
DA:202,0
DA:204,0
DA:205,0
DA:211,6
DA:216,0
DA:217,0
DA:218,0
DA:219,0
DA:222,0
DA:224,0
DA:229,0
DA:230,0
DA:233,0
DA:236,0
DA:239,0
DA:240,0
DA:241,0
DA:242,0
DA:243,0
DA:248,0
DA:250,0
DA:252,0
DA:253,0
DA:259,6
DA:260,6
LF:95
LH:23
BRDA:26,0,0,0
BRDA:26,0,1,6
BRDA:43,1,0,0
BRDA:43,1,1,0
BRDA:43,2,0,0
BRDA:43,2,1,0
BRDA:64,3,0,0
BRDA:64,3,1,0
BRDA:65,4,0,0
BRDA:65,4,1,0
BRDA:66,5,0,0
BRDA:66,5,1,0
BRDA:84,6,0,0
BRDA:84,6,1,0
BRDA:88,7,0,0
BRDA:88,7,1,0
BRDA:89,8,0,0
BRDA:89,8,1,0
BRDA:100,9,0,0
BRDA:100,9,1,0
BRDA:105,10,0,0
BRDA:105,10,1,0
BRDA:141,11,0,0
BRDA:141,11,1,0
BRDA:142,12,0,0
BRDA:142,12,1,0
BRDA:146,13,0,0
BRDA:146,13,1,0
BRDA:154,14,0,0
BRDA:154,14,1,0
BRDA:163,15,0,0
BRDA:163,15,1,0
BRDA:177,16,0,0
BRDA:177,16,1,0
BRDA:201,17,0,0
BRDA:201,17,1,0
BRDA:218,18,0,0
BRDA:218,18,1,0
BRDA:229,19,0,0
BRDA:229,19,1,0
BRDA:239,20,0,0
BRDA:239,20,1,0
BRDA:242,21,0,0
BRDA:242,21,1,0
BRDA:242,22,0,0
BRDA:242,22,1,0
BRF:46
BRH:1
end_of_record
TN:
SF:routes/orders.js
FN:18,(anonymous_0)
FN:39,(anonymous_1)
FN:51,(anonymous_2)
FN:78,(anonymous_3)
FN:155,(anonymous_4)
FN:213,(anonymous_5)
FN:262,(anonymous_6)
FN:336,(anonymous_7)
FN:403,(anonymous_8)
FN:460,(anonymous_9)
FNF:10
FNH:7
FNDA:2,(anonymous_0)
FNDA:2,(anonymous_1)
FNDA:3,(anonymous_2)
FNDA:3,(anonymous_3)
FNDA:0,(anonymous_4)
FNDA:4,(anonymous_5)
FNDA:2,(anonymous_6)
FNDA:2,(anonymous_7)
FNDA:0,(anonymous_8)
FNDA:0,(anonymous_9)
DA:1,6
DA:2,6
DA:3,6
DA:4,6
DA:5,6
DA:6,6
DA:9,6
DA:18,6
DA:19,2
DA:20,2
DA:21,2
DA:23,2
DA:28,2
DA:29,2
DA:30,1
DA:31,1
DA:32,1
DA:35,2
DA:39,6
DA:40,2
DA:43,2
DA:44,2
DA:45,2
DA:47,0
DA:51,6
DA:52,3
DA:66,6
DA:79,3
DA:80,3
DA:81,3
DA:82,0
DA:85,3
DA:86,3
DA:87,3
DA:88,3
DA:90,3
DA:91,3
DA:94,3
DA:95,0
DA:96,0
DA:99,3
DA:100,1
DA:101,1
DA:104,3
DA:105,0
DA:106,0
DA:109,3
DA:110,0
DA:111,0
DA:114,3
DA:115,0
DA:116,0
DA:119,3
DA:120,0
DA:121,0
DA:124,3
DA:126,3
DA:134,3
DA:144,0
DA:145,0
DA:151,6
DA:156,0
DA:157,0
DA:158,0
DA:159,0
DA:162,0
DA:164,0
DA:172,0
DA:173,0
DA:177,0
DA:178,0
DA:181,0
DA:186,0
DA:188,0
DA:189,0
DA:195,6
DA:214,4
DA:215,4
DA:216,4
DA:217,1
DA:230,3
DA:233,3
DA:234,3
DA:235,3
DA:240,3
DA:241,1
DA:244,2
DA:246,2
DA:247,0
DA:250,2
DA:251,2
DA:262,2
DA:263,2
DA:264,2
DA:265,2
DA:266,2
DA:268,2
DA:270,2
DA:293,2
DA:296,2
DA:297,2
DA:304,2
DA:306,2
DA:319,0
DA:320,0
DA:326,6
DA:337,2
DA:338,2
DA:339,2
DA:340,0
DA:343,2
DA:344,2
DA:346,2
DA:351,2
DA:352,0
DA:355,2
DA:358,2
DA:359,0
DA:362,2
DA:363,2
DA:364,1
DA:370,1
DA:372,1
DA:380,1
DA:382,0
DA:383,0
DA:389,6
DA:404,0
DA:405,0
DA:406,0
DA:407,0
DA:410,0
DA:411,0
DA:413,0
DA:418,0
DA:419,0
DA:422,0
DA:424,0
DA:425,0
DA:428,0
DA:429,0
DA:431,0
DA:432,0
DA:433,0
DA:436,0
DA:437,0
DA:439,0
DA:447,0
DA:449,0
DA:450,0
DA:456,6
DA:461,0
DA:462,0
DA:463,0
DA:464,0
DA:467,0
DA:469,0
DA:474,0
DA:475,0
DA:478,0
DA:481,0
DA:486,0
DA:494,0
DA:496,0
DA:497,0
DA:502,6
LF:166
LH:93
BRDA:29,0,0,1
BRDA:29,0,1,1
BRDA:32,1,0,1
BRDA:32,1,1,0
BRDA:43,2,0,2
BRDA:43,2,1,0
BRDA:45,3,0,0
BRDA:45,3,1,2
BRDA:58,4,0,3
BRDA:58,4,1,0
BRDA:59,5,0,1
BRDA:59,5,1,2
BRDA:60,6,0,3
BRDA:60,6,1,0
BRDA:81,7,0,0
BRDA:81,7,1,3
BRDA:85,8,0,3
BRDA:85,8,1,2
BRDA:86,9,0,3
BRDA:86,9,1,2
BRDA:94,10,0,0
BRDA:94,10,1,3
BRDA:99,11,0,1
BRDA:99,11,1,2
BRDA:104,12,0,0
BRDA:104,12,1,3
BRDA:109,13,0,0
BRDA:109,13,1,3
BRDA:114,14,0,0
BRDA:114,14,1,3
BRDA:119,15,0,0
BRDA:119,15,1,3
BRDA:158,16,0,0
BRDA:158,16,1,0
BRDA:172,17,0,0
BRDA:172,17,1,0
BRDA:177,18,0,0
BRDA:177,18,1,0
BRDA:177,19,0,0
BRDA:177,19,1,0
BRDA:216,20,0,1
BRDA:216,20,1,3
BRDA:240,21,0,1
BRDA:240,21,1,2
BRDA:246,22,0,0
BRDA:246,22,1,2
BRDA:257,23,0,2
BRDA:257,23,1,1
BRDA:264,24,0,2
BRDA:264,24,1,2
BRDA:278,25,0,2
BRDA:278,25,1,1
BRDA:279,26,0,2
BRDA:279,26,1,2
BRDA:280,27,0,2
BRDA:280,27,1,2
BRDA:281,28,0,2
BRDA:281,28,1,1
BRDA:288,29,0,2
BRDA:288,29,1,2
BRDA:339,30,0,0
BRDA:339,30,1,2
BRDA:351,31,0,0
BRDA:351,31,1,2
BRDA:358,32,0,0
BRDA:358,32,1,2
BRDA:358,33,0,2
BRDA:358,33,1,2
BRDA:362,34,0,2
BRDA:362,34,1,0
BRDA:363,35,0,1
BRDA:363,35,1,1
BRDA:366,36,0,1
BRDA:366,36,1,0
BRDA:406,37,0,0
BRDA:406,37,1,0
BRDA:418,38,0,0
BRDA:418,38,1,0
BRDA:424,39,0,0
BRDA:424,39,1,0
BRDA:424,40,0,0
BRDA:424,40,1,0
BRDA:431,41,0,0
BRDA:431,41,1,0
BRDA:444,42,0,0
BRDA:444,42,1,0
BRDA:463,43,0,0
BRDA:463,43,1,0
BRDA:474,44,0,0
BRDA:474,44,1,0
BRF:90
BRH:49
end_of_record
TN:
SF:routes/products.js
FN:9,(anonymous_0)
FN:58,(anonymous_1)
FN:101,(anonymous_2)
FN:173,(anonymous_3)
FN:244,(anonymous_4)
FNF:5
FNH:5
FNDA:7,(anonymous_0)
FNDA:2,(anonymous_1)
FNDA:2,(anonymous_2)
FNDA:1,(anonymous_3)
FNDA:2,(anonymous_4)
DA:1,6
DA:2,6
DA:3,6
DA:4,6
DA:5,6
DA:6,6
DA:9,6
DA:10,7
DA:11,7
DA:13,7
DA:19,7
DA:21,7
DA:22,1
DA:23,1
DA:26,7
DA:27,0
DA:28,0
DA:30,7
DA:33,7
DA:34,1
DA:37,7
DA:38,0
DA:41,7
DA:42,1
DA:43,1
DA:46,7
DA:48,7
DA:50,7
DA:52,0
DA:53,0
DA:58,6
DA:59,2
DA:60,2
DA:68,2
DA:69,1
DA:73,1
DA:81,1
DA:82,1
DA:84,1
DA:86,0
DA:87,0
DA:92,6
DA:102,2
DA:103,2
DA:104,2
DA:105,1
DA:112,1
DA:115,1
DA:118,1
DA:136,1
DA:139,1
DA:140,0
DA:141,0
DA:149,1
DA:154,1
DA:159,0
DA:160,0
DA:161,0
DA:163,0
DA:169,6
DA:174,1
DA:175,1
DA:178,1
DA:179,1
DA:180,0
DA:183,1
DA:189,1
DA:190,1
DA:192,1
DA:193,17
DA:194,2
DA:195,2
DA:203,1
DA:204,0
DA:207,1
DA:209,1
DA:215,1
DA:216,0
DA:217,0
DA:227,1
DA:232,1
DA:234,0
DA:235,0
DA:241,6
DA:245,2
DA:246,2
DA:249,2
DA:250,2
DA:251,1
DA:254,1
DA:257,1
DA:262,1
DA:264,0
DA:265,0
DA:270,6
LF:95
LH:74
BRDA:21,0,0,1
BRDA:21,0,1,6
BRDA:26,1,0,0
BRDA:26,1,1,7
BRDA:26,2,0,7
BRDA:26,2,1,0
BRDA:33,3,0,1
BRDA:33,3,1,6
BRDA:37,4,0,0
BRDA:37,4,1,7
BRDA:41,5,0,1
BRDA:41,5,1,6
BRDA:68,6,0,1
BRDA:68,6,1,1
BRDA:104,7,0,1
BRDA:104,7,1,1
BRDA:115,8,0,1
BRDA:115,8,1,1
BRDA:125,9,0,1
BRDA:125,9,1,0
BRDA:125,10,0,1
BRDA:125,10,1,0
BRDA:126,11,0,1
BRDA:126,11,1,0
BRDA:126,12,0,1
BRDA:126,12,1,0
BRDA:126,13,0,1
BRDA:126,13,1,1
BRDA:127,14,0,1
BRDA:127,14,1,0
BRDA:127,15,0,1
BRDA:127,15,1,1
BRDA:127,16,0,1
BRDA:127,16,1,1
BRDA:127,17,0,1
BRDA:127,17,1,1
BRDA:128,18,0,0
BRDA:128,18,1,1
BRDA:129,19,0,1
BRDA:129,19,1,0
BRDA:129,20,0,1
BRDA:129,20,1,0
BRDA:130,21,0,1
BRDA:130,21,1,1
BRDA:131,22,0,0
BRDA:131,22,1,1
BRDA:139,23,0,0
BRDA:139,23,1,1
BRDA:139,24,0,1
BRDA:139,24,1,0
BRDA:160,25,0,0
BRDA:160,25,1,0
BRDA:179,26,0,0
BRDA:179,26,1,1
BRDA:193,27,0,2
BRDA:193,27,1,15
BRDA:196,28,0,0
BRDA:196,28,1,2
BRDA:196,29,0,2
BRDA:196,29,1,0
BRDA:203,30,0,0
BRDA:203,30,1,1
BRDA:215,31,0,0
BRDA:215,31,1,1
BRDA:215,32,0,1
BRDA:215,32,1,0
BRDA:250,33,0,1
BRDA:250,33,1,1
BRF:68
BRH:46
end_of_record
TN:
SF:routes/settings.js
FN:9,(anonymous_0)
FN:24,(anonymous_1)
FN:58,(anonymous_2)
FN:60,(anonymous_3)
FN:73,(anonymous_4)
FN:123,(anonymous_5)
FN:194,(anonymous_6)
FNF:7
FNH:7
FNDA:2,(anonymous_0)
FNDA:4,(anonymous_1)
FNDA:72,(anonymous_2)
FNDA:4,(anonymous_3)
FNDA:2,(anonymous_4)
FNDA:2,(anonymous_5)
FNDA:2,(anonymous_6)
DA:1,6
DA:2,6
DA:3,6
DA:4,6
DA:5,6
DA:6,6
DA:9,6
DA:10,2
DA:24,6
DA:25,4
DA:27,4
DA:28,4
DA:29,4
DA:30,1
DA:31,1
DA:32,1
DA:33,1
DA:34,1
DA:38,1
DA:39,1
DA:46,4
DA:47,4
DA:49,4
DA:50,3
DA:53,4
DA:55,4
DA:58,72
DA:60,4
DA:63,4
DA:65,0
DA:66,0
DA:71,6
DA:74,2
DA:75,2
DA:80,2
DA:81,1
DA:84,1
DA:87,1
DA:88,0
DA:89,0
DA:90,0
DA:92,0
DA:93,0
DA:94,0
DA:95,0
DA:97,0
DA:101,1
DA:102,0
DA:105,1
DA:107,0
DA:108,0
DA:114,6
DA:124,2
DA:125,2
DA:126,2
DA:127,0
DA:130,2
DA:131,2
DA:132,2
DA:134,2
DA:135,2
DA:140,2
DA:141,1
DA:142,1
DA:145,1
DA:146,1
DA:147,1
DA:149,1
DA:154,1
DA:162,1
DA:165,2
DA:171,0
DA:172,0
DA:178,6
DA:195,2
DA:196,2
DA:197,2
DA:198,0
DA:210,2
DA:213,2
DA:217,2
DA:218,1
DA:221,1
DA:225,1
DA:241,1
DA:249,1
DA:254,0
DA:255,0
DA:256,0
DA:258,0
DA:263,6
LF:91
LH:70
BRDA:16,0,0,2
BRDA:16,0,1,0
BRDA:17,1,0,1
BRDA:17,1,1,1
BRDA:18,2,0,2
BRDA:18,2,1,0
BRDA:29,3,0,1
BRDA:29,3,1,3
BRDA:38,4,0,1
BRDA:38,4,1,0
BRDA:38,5,0,1
BRDA:38,5,1,1
BRDA:49,6,0,3
BRDA:49,6,1,1
BRDA:60,7,0,4
BRDA:60,7,1,68
BRDA:80,8,0,1
BRDA:80,8,1,1
BRDA:87,9,0,0
BRDA:87,9,1,1
BRDA:89,10,0,0
BRDA:89,10,1,0
BRDA:101,11,0,0
BRDA:101,11,1,1
BRDA:126,12,0,0
BRDA:126,12,1,2
BRDA:140,13,0,1
BRDA:140,13,1,1
BRDA:147,14,0,0
BRDA:147,14,1,1
BRDA:197,15,0,0
BRDA:197,15,1,2
BRDA:217,16,0,1
BRDA:217,16,1,1
BRDA:221,17,0,0
BRDA:221,17,1,1
BRDA:232,18,0,1
BRDA:232,18,1,0
BRDA:233,19,0,1
BRDA:233,19,1,0
BRDA:234,20,0,1
BRDA:234,20,1,0
BRDA:235,21,0,1
BRDA:235,21,1,1
BRDA:236,22,0,0
BRDA:236,22,1,1
BRDA:237,23,0,0
BRDA:237,23,1,1
BRDA:255,24,0,0
BRDA:255,24,1,0
BRF:50
BRH:32
end_of_record
TN:
SF:routes/users.js
FN:9,(anonymous_0)
FN:34,(anonymous_1)
FN:88,(anonymous_2)
FN:128,(anonymous_3)
FN:171,(anonymous_4)
FN:223,(anonymous_5)
FNF:6
FNH:1
FNDA:0,(anonymous_0)
FNDA:1,(anonymous_1)
FNDA:0,(anonymous_2)
FNDA:0,(anonymous_3)
FNDA:0,(anonymous_4)
FNDA:0,(anonymous_5)
DA:1,6
DA:2,6
DA:3,6
DA:4,6
DA:5,6
DA:6,6
DA:9,6
DA:10,0
DA:24,6
DA:35,1
DA:36,1
DA:37,1
DA:38,0
DA:41,1
DA:42,1
DA:43,1
DA:44,1
DA:46,1
DA:47,1
DA:49,1
DA:50,0
DA:51,0
DA:54,1
DA:55,0
DA:56,0
DA:59,1
DA:60,0
DA:61,0
DA:64,1
DA:66,1
DA:71,1
DA:81,0
DA:82,0
DA:88,6
DA:89,0
DA:90,0
DA:91,0
DA:92,0
DA:94,0
DA:99,0
DA:108,0
DA:118,0
DA:119,0
DA:124,6
DA:129,0
DA:130,0
DA:131,0
DA:132,0
DA:135,0
DA:140,0
DA:141,0
DA:145,0
DA:150,0
DA:152,0
DA:153,0
DA:159,6
DA:172,0
DA:173,0
DA:174,0
DA:175,0
DA:178,0
DA:180,0
DA:185,0
DA:186,0
DA:189,0
DA:190,0
DA:191,0
DA:192,0
DA:194,0
DA:195,0
DA:196,0
DA:197,0
DA:201,0
DA:202,0
DA:205,0
DA:206,0
DA:208,0
DA:210,0
DA:212,0
DA:213,0
DA:219,6
DA:224,0
DA:225,0
DA:226,0
DA:227,0
DA:230,0
DA:232,0
DA:233,0
DA:236,0
DA:241,0
DA:242,0
DA:245,0
DA:247,0
DA:249,0
DA:251,0
DA:252,0
DA:257,6
LF:97
LH:28
BRDA:16,0,0,0
BRDA:16,0,1,0
BRDA:17,1,0,0
BRDA:17,1,1,0
BRDA:18,2,0,0
BRDA:18,2,1,0
BRDA:37,3,0,0
BRDA:37,3,1,1
BRDA:41,4,0,1
BRDA:41,4,1,1
BRDA:42,5,0,1
BRDA:42,5,1,1
BRDA:49,6,0,0
BRDA:49,6,1,1
BRDA:54,7,0,0
BRDA:54,7,1,1
BRDA:59,8,0,0
BRDA:59,8,1,1
BRDA:90,9,0,0
BRDA:90,9,1,0
BRDA:91,10,0,0
BRDA:91,10,1,0
BRDA:131,11,0,0
BRDA:131,11,1,0
BRDA:140,12,0,0
BRDA:140,12,1,0
BRDA:174,13,0,0
BRDA:174,13,1,0
BRDA:185,14,0,0
BRDA:185,14,1,0
BRDA:195,15,0,0
BRDA:195,15,1,0
BRDA:197,16,0,0
BRDA:197,16,1,0
BRDA:201,17,0,0
BRDA:201,17,1,0
BRDA:226,18,0,0
BRDA:226,18,1,0
BRDA:232,19,0,0
BRDA:232,19,1,0
BRDA:241,20,0,0
BRDA:241,20,1,0
BRF:42
BRH:8
end_of_record
